#
# A fatal error has been detected by the Java Runtime Environment:
#
#  SIGBUS (0xa) at pc=0x0000600002755990, pid=8207, tid=74255
#
# JRE version: OpenJDK Runtime Environment (21.0.1+12) (build 21.0.1+12-29)
# Java VM: OpenJDK 64-Bit Server VM (21.0.1+12-29, mixed mode, sharing, tiered, compressed oops, compressed class ptrs, g1 gc, bsd-aarch64)
# Problematic frame:
# C  0x0000600002755990
#
# No core dump will be written. Core dumps have been disabled. To enable core dumping, try "ulimit -c unlimited" before starting Java again
#
# If you would like to submit a bug report, please visit:
#   https://bugreport.java.com/bugreport/crash.jsp
#

---------------  S U M M A R Y ------------

Command Line: -Dfile.encoding=UTF-8 -Duser.country=US -Duser.language=en -Duser.variant feiner.fallingsand.Main

Host: "MacBookAir10,1" arm64, 8 cores, 8G, Darwin 21.2.0, macOS 12.1 (21C52)
Time: Wed Mar 20 18:00:40 2024 EDT elapsed time: 207.790157 seconds (0d 0h 3m 27s)

---------------  T H R E A D  ---------------

Current thread is native thread

Stack: [0x000000016e320000,0x000000016e3a3000],  sp=0x000000016e3a2e20,  free space=523k
Native frames: (J=compiled Java code, j=interpreted, Vv=VM code, C=native code)
C  0x0000600002755990
C  [libsystem_pthread.dylib+0x7240]  _pthread_start+0x94

siginfo: si_signo: 10 (SIGBUS), si_code: 1 (BUS_ADRALN), si_addr: 0x0000600002755990

Registers:
 x0=0x00000001168ed020  x1=0x00000001168ed200  x2=0x000000018d66141c  x3=0x0000000000000000
 x4=0x000000000000dc1f  x5=0x0000000000000000  x6=0x0000000000000000  x7=0x0000000000000000
 x8=0x0000600002755990  x9=0x000000011600f528 x10=0x0000000000000001 x11=0x0000000000000001
x12=0x0000000000000000 x13=0x00000000002aaf33 x14=0x00000000002aaf32 x15=0x00000000002aaf31
x16=0x000000011600f528 x17=0xaefe00011600f528 x18=0x0000000000000000 x19=0x00000001168ed020
x20=0x00000001168ed038 x21=0x0000000000000000 x22=0x0000000000000000 x23=0x0000000000000000
x24=0x0000000000000000 x25=0x0000000000000000 x26=0x0000000000000000 x27=0x0000000000000000
x28=0x0000000000000000  fp=0x000000016e3a2fc0  lr=0x000000018d617238  sp=0x000000016e3a2e20
pc=0x0000600002755990 cpsr=0x0000000040001000

Top of Stack: (sp=0x000000016e3a2e20)
0x000000016e3a2e20:   0000000000000017 0000000000000000
0x000000016e3a2e30:   0000000000000000 0000000000000000
0x000000016e3a2e40:   0000000000000000 0000000000000000
0x000000016e3a2e50:   0000000000000000 0000000000000000
0x000000016e3a2e60:   0000000000000000 0000000000000000
0x000000016e3a2e70:   0000000000000000 0000000201404410
0x000000016e3a2e80:   0000200f00000000 000001f500002006
0x000000016e3a2e90:   000001f500000014 000001f500000014
0x000000016e3a2ea0:   0000000000000014 65686e006176616a
0x000000016e3a2eb0:   000000007265706c 65686e006176616a
0x000000016e3a2ec0:   000000007265706c 0000000000000000
0x000000016e3a2ed0:   0000000000000000 000020060000015e
0x000000016e3a2ee0:   ffffffff00000000 0000000000000000
0x000000016e3a2ef0:   0000000065fb5bb8 0000000000097d8c
0x000000016e3a2f00:   000000629e7d0000 000000000a744000
0x000000016e3a2f10:   00000000876f176d 0000000037fce804
0x000000016e3a2f20:   00000000851219e9 00000000313fa10b
0x000000016e3a2f30:   000054c100000001 000003c3000000cb
0x000000016e3a2f40:   0017918d000f5d67 00410fd00014a3ca
0x000000016e3a2f50:   00000025003aab35 0000001f00000004
0x000000016e3a2f60:   1fb14a86db420096 000000018d6623c7
0x000000016e3a2f70:   0000000000000000 0000000000000000
0x000000016e3a2f80:   0000000000000000 0000000000000000
0x000000016e3a2f90:   0000000000000000 0000000000000000
0x000000016e3a2fa0:   0000000000000000 0000000000000000
0x000000016e3a2fb0:   0000000000000000 000000016e3a3000
0x000000016e3a2fc0:   000000016e3a2fe0 d519800185fdd240
0x000000016e3a2fd0:   0000000000000000 0000000000000000
0x000000016e3a2fe0:   0000000000000000 843d800185fd8024
0x000000016e3a2ff0:   0000000000000000 0000000000000000
0x000000016e3a3000:   415257123dd38b15 0000000000000000
0x000000016e3a3010:   000000016f9bf000 0000000170d67010 

Instructions: (pc=0x0000600002755990)
0x0000600002755890:   00 00 00 00 00 00 00 00 00 00 00 00 00 00 00 00
0x00006000027558a0:   00 00 00 00 00 00 00 00 00 00 00 00 00 00 00 00
0x00006000027558b0:   00 00 00 00 00 00 00 00 00 00 00 00 00 00 00 00
0x00006000027558c0:   00 00 00 00 00 00 00 00 00 00 00 00 00 00 00 00
0x00006000027558d0:   00 00 00 00 00 00 00 00 00 00 00 00 00 00 00 00
0x00006000027558e0:   00 00 00 00 00 00 00 00 00 00 00 00 00 00 00 00
0x00006000027558f0:   00 00 00 00 00 00 00 00 00 00 00 00 00 00 00 00
0x0000600002755900:   44 00 00 00 44 00 00 00 00 00 00 00 00 00 00 00
0x0000600002755910:   00 00 00 00 00 00 00 00 00 00 00 00 00 00 00 00
0x0000600002755920:   00 00 00 00 00 00 00 00 00 00 00 00 00 00 00 00
0x0000600002755930:   00 00 00 00 00 00 00 00 00 00 00 00 00 00 00 00
0x0000600002755940:   00 00 00 00 00 00 00 00 00 00 00 00 00 00 00 00
0x0000600002755950:   00 00 00 00 00 00 00 00 00 00 00 00 00 00 00 00
0x0000600002755960:   00 00 00 00 00 00 00 00 00 00 00 00 00 00 00 00
0x0000600002755970:   00 00 00 00 00 00 00 00 00 00 00 00 00 00 00 00
0x0000600002755980:   a0 41 d0 df 01 00 00 00 00 00 00 00 00 00 00 00
0x0000600002755990:   71 dc 08 df 01 00 00 01 00 3a 01 00 01 00 00 00
0x00006000027559a0:   50 da 64 03 00 60 00 00 00 80 a3 56 01 00 00 00
0x00006000027559b0:   00 80 00 00 00 00 00 00 00 80 00 00 00 00 00 00
0x00006000027559c0:   46 00 00 00 00 00 00 00 00 00 13 03 15 00 00 00
0x00006000027559d0:   00 80 00 00 00 00 00 00 40 b8 ea 21 01 00 00 00
0x00006000027559e0:   55 57 0c 57 00 00 00 00 8c 02 09 00 00 00 00 00
0x00006000027559f0:   00 00 00 00 00 00 00 00 00 00 00 00 00 00 00 00
0x0000600002755a00:   a0 41 d0 df 01 00 00 00 00 00 00 00 00 00 00 00
0x0000600002755a10:   71 dc 08 df 01 00 00 01 00 3a 01 00 01 00 00 00
0x0000600002755a20:   50 da 64 03 00 60 00 00 00 00 a4 56 01 00 00 00
0x0000600002755a30:   00 80 00 00 00 00 00 00 00 80 00 00 00 00 00 00
0x0000600002755a40:   47 00 00 00 00 00 00 00 00 00 14 03 15 00 00 00
0x0000600002755a50:   00 80 00 00 00 00 00 00 00 b9 ea 21 01 00 00 00
0x0000600002755a60:   56 57 0c 57 00 00 00 00 8d 02 09 00 00 00 00 00
0x0000600002755a70:   00 00 00 00 00 00 00 00 00 00 00 00 00 00 00 00
0x0000600002755a80:   a0 41 d0 df 01 00 00 00 00 00 00 00 00 00 00 00 



---------------  P R O C E S S  ---------------

VM state: not at safepoint (normal execution)

VM Mutex/Monitor currently owned by a thread: None

Heap address: 0x0000000780000000, size: 2048 MB, Compressed Oops mode: Zero based, Oop shift amount: 3

CDS archive(s) mapped at: [0x0000007000000000-0x0000007000ca4000-0x0000007000ca4000), size 13254656, SharedBaseAddress: 0x0000007000000000, ArchiveRelocationMode: 1.
Compressed class space mapped at: 0x0000007001000000-0x0000007041000000, reserved size: 1073741824
Narrow klass base: 0x0000007000000000, Narrow klass shift: 0, Narrow klass range: 0x100000000

GC Precious Log:
<Skipped>

Heap:
 garbage-first heap   total 133120K, used 30399K [0x0000000780000000, 0x0000000800000000)
  region size 1024K, 28 young (28672K), 1 survivors (1024K)
 Metaspace       used 6405K, committed 6656K, reserved 1114112K
  class space    used 693K, committed 832K, reserved 1048576K

Heap Regions: E=young(eden), S=young(survivor), O=old, HS=humongous(starts), HC=humongous(continues), CS=collection set, F=free, TAMS=top-at-mark-start, PB=parsable bottom
|   0|0x0000000780000000, 0x0000000780100000, 0x0000000780100000|100%| O|  |TAMS 0x0000000780000000| PB 0x0000000780000000| Untracked 
|   1|0x0000000780100000, 0x00000007801aac70, 0x0000000780200000| 66%| O|  |TAMS 0x0000000780100000| PB 0x0000000780100000| Untracked 
|   2|0x0000000780200000, 0x0000000780200000, 0x0000000780300000|  0%| F|  |TAMS 0x0000000780200000| PB 0x0000000780200000| Untracked 
|   3|0x0000000780300000, 0x0000000780300000, 0x0000000780400000|  0%| F|  |TAMS 0x0000000780300000| PB 0x0000000780300000| Untracked 
|   4|0x0000000780400000, 0x0000000780400000, 0x0000000780500000|  0%| F|  |TAMS 0x0000000780400000| PB 0x0000000780400000| Untracked 
|   5|0x0000000780500000, 0x0000000780500000, 0x0000000780600000|  0%| F|  |TAMS 0x0000000780500000| PB 0x0000000780500000| Untracked 
|   6|0x0000000780600000, 0x0000000780600000, 0x0000000780700000|  0%| F|  |TAMS 0x0000000780600000| PB 0x0000000780600000| Untracked 
|   7|0x0000000780700000, 0x0000000780700000, 0x0000000780800000|  0%| F|  |TAMS 0x0000000780700000| PB 0x0000000780700000| Untracked 
|   8|0x0000000780800000, 0x0000000780800000, 0x0000000780900000|  0%| F|  |TAMS 0x0000000780800000| PB 0x0000000780800000| Untracked 
|   9|0x0000000780900000, 0x0000000780900000, 0x0000000780a00000|  0%| F|  |TAMS 0x0000000780900000| PB 0x0000000780900000| Untracked 
|  10|0x0000000780a00000, 0x0000000780a00000, 0x0000000780b00000|  0%| F|  |TAMS 0x0000000780a00000| PB 0x0000000780a00000| Untracked 
|  11|0x0000000780b00000, 0x0000000780b00000, 0x0000000780c00000|  0%| F|  |TAMS 0x0000000780b00000| PB 0x0000000780b00000| Untracked 
|  12|0x0000000780c00000, 0x0000000780c00000, 0x0000000780d00000|  0%| F|  |TAMS 0x0000000780c00000| PB 0x0000000780c00000| Untracked 
|  13|0x0000000780d00000, 0x0000000780d00000, 0x0000000780e00000|  0%| F|  |TAMS 0x0000000780d00000| PB 0x0000000780d00000| Untracked 
|  14|0x0000000780e00000, 0x0000000780e00000, 0x0000000780f00000|  0%| F|  |TAMS 0x0000000780e00000| PB 0x0000000780e00000| Untracked 
|  15|0x0000000780f00000, 0x0000000780f00000, 0x0000000781000000|  0%| F|  |TAMS 0x0000000780f00000| PB 0x0000000780f00000| Untracked 
|  16|0x0000000781000000, 0x0000000781000000, 0x0000000781100000|  0%| F|  |TAMS 0x0000000781000000| PB 0x0000000781000000| Untracked 
|  17|0x0000000781100000, 0x0000000781100000, 0x0000000781200000|  0%| F|  |TAMS 0x0000000781100000| PB 0x0000000781100000| Untracked 
|  18|0x0000000781200000, 0x0000000781200000, 0x0000000781300000|  0%| F|  |TAMS 0x0000000781200000| PB 0x0000000781200000| Untracked 
|  19|0x0000000781300000, 0x0000000781300000, 0x0000000781400000|  0%| F|  |TAMS 0x0000000781300000| PB 0x0000000781300000| Untracked 
|  20|0x0000000781400000, 0x0000000781400000, 0x0000000781500000|  0%| F|  |TAMS 0x0000000781400000| PB 0x0000000781400000| Untracked 
|  21|0x0000000781500000, 0x0000000781500000, 0x0000000781600000|  0%| F|  |TAMS 0x0000000781500000| PB 0x0000000781500000| Untracked 
|  22|0x0000000781600000, 0x0000000781600000, 0x0000000781700000|  0%| F|  |TAMS 0x0000000781600000| PB 0x0000000781600000| Untracked 
|  23|0x0000000781700000, 0x0000000781700000, 0x0000000781800000|  0%| F|  |TAMS 0x0000000781700000| PB 0x0000000781700000| Untracked 
|  24|0x0000000781800000, 0x0000000781800000, 0x0000000781900000|  0%| F|  |TAMS 0x0000000781800000| PB 0x0000000781800000| Untracked 
|  25|0x0000000781900000, 0x0000000781900000, 0x0000000781a00000|  0%| F|  |TAMS 0x0000000781900000| PB 0x0000000781900000| Untracked 
|  26|0x0000000781a00000, 0x0000000781a00000, 0x0000000781b00000|  0%| F|  |TAMS 0x0000000781a00000| PB 0x0000000781a00000| Untracked 
|  27|0x0000000781b00000, 0x0000000781b00000, 0x0000000781c00000|  0%| F|  |TAMS 0x0000000781b00000| PB 0x0000000781b00000| Untracked 
|  28|0x0000000781c00000, 0x0000000781c00000, 0x0000000781d00000|  0%| F|  |TAMS 0x0000000781c00000| PB 0x0000000781c00000| Untracked 
|  29|0x0000000781d00000, 0x0000000781d00000, 0x0000000781e00000|  0%| F|  |TAMS 0x0000000781d00000| PB 0x0000000781d00000| Untracked 
|  30|0x0000000781e00000, 0x0000000781e00000, 0x0000000781f00000|  0%| F|  |TAMS 0x0000000781e00000| PB 0x0000000781e00000| Untracked 
|  31|0x0000000781f00000, 0x0000000781f00000, 0x0000000782000000|  0%| F|  |TAMS 0x0000000781f00000| PB 0x0000000781f00000| Untracked 
|  32|0x0000000782000000, 0x0000000782000000, 0x0000000782100000|  0%| F|  |TAMS 0x0000000782000000| PB 0x0000000782000000| Untracked 
|  33|0x0000000782100000, 0x0000000782100000, 0x0000000782200000|  0%| F|  |TAMS 0x0000000782100000| PB 0x0000000782100000| Untracked 
|  34|0x0000000782200000, 0x0000000782200000, 0x0000000782300000|  0%| F|  |TAMS 0x0000000782200000| PB 0x0000000782200000| Untracked 
|  35|0x0000000782300000, 0x0000000782300000, 0x0000000782400000|  0%| F|  |TAMS 0x0000000782300000| PB 0x0000000782300000| Untracked 
|  36|0x0000000782400000, 0x0000000782400000, 0x0000000782500000|  0%| F|  |TAMS 0x0000000782400000| PB 0x0000000782400000| Untracked 
|  37|0x0000000782500000, 0x0000000782500000, 0x0000000782600000|  0%| F|  |TAMS 0x0000000782500000| PB 0x0000000782500000| Untracked 
|  38|0x0000000782600000, 0x0000000782600000, 0x0000000782700000|  0%| F|  |TAMS 0x0000000782600000| PB 0x0000000782600000| Untracked 
|  39|0x0000000782700000, 0x0000000782700000, 0x0000000782800000|  0%| F|  |TAMS 0x0000000782700000| PB 0x0000000782700000| Untracked 
|  40|0x0000000782800000, 0x0000000782800000, 0x0000000782900000|  0%| F|  |TAMS 0x0000000782800000| PB 0x0000000782800000| Untracked 
|  41|0x0000000782900000, 0x0000000782900000, 0x0000000782a00000|  0%| F|  |TAMS 0x0000000782900000| PB 0x0000000782900000| Untracked 
|  42|0x0000000782a00000, 0x0000000782a00000, 0x0000000782b00000|  0%| F|  |TAMS 0x0000000782a00000| PB 0x0000000782a00000| Untracked 
|  43|0x0000000782b00000, 0x0000000782b00000, 0x0000000782c00000|  0%| F|  |TAMS 0x0000000782b00000| PB 0x0000000782b00000| Untracked 
|  44|0x0000000782c00000, 0x0000000782c00000, 0x0000000782d00000|  0%| F|  |TAMS 0x0000000782c00000| PB 0x0000000782c00000| Untracked 
|  45|0x0000000782d00000, 0x0000000782d00000, 0x0000000782e00000|  0%| F|  |TAMS 0x0000000782d00000| PB 0x0000000782d00000| Untracked 
|  46|0x0000000782e00000, 0x0000000782e00000, 0x0000000782f00000|  0%| F|  |TAMS 0x0000000782e00000| PB 0x0000000782e00000| Untracked 
|  47|0x0000000782f00000, 0x0000000782f00000, 0x0000000783000000|  0%| F|  |TAMS 0x0000000782f00000| PB 0x0000000782f00000| Untracked 
|  48|0x0000000783000000, 0x0000000783000000, 0x0000000783100000|  0%| F|  |TAMS 0x0000000783000000| PB 0x0000000783000000| Untracked 
|  49|0x0000000783100000, 0x0000000783100000, 0x0000000783200000|  0%| F|  |TAMS 0x0000000783100000| PB 0x0000000783100000| Untracked 
|  50|0x0000000783200000, 0x0000000783200000, 0x0000000783300000|  0%| F|  |TAMS 0x0000000783200000| PB 0x0000000783200000| Untracked 
|  51|0x0000000783300000, 0x0000000783300000, 0x0000000783400000|  0%| F|  |TAMS 0x0000000783300000| PB 0x0000000783300000| Untracked 
|  52|0x0000000783400000, 0x0000000783402110, 0x0000000783500000|  0%| S|CS|TAMS 0x0000000783400000| PB 0x0000000783400000| Complete 
|  53|0x0000000783500000, 0x0000000783500000, 0x0000000783600000|  0%| F|  |TAMS 0x0000000783500000| PB 0x0000000783500000| Untracked 
|  54|0x0000000783600000, 0x0000000783600000, 0x0000000783700000|  0%| F|  |TAMS 0x0000000783600000| PB 0x0000000783600000| Untracked 
|  55|0x0000000783700000, 0x0000000783700000, 0x0000000783800000|  0%| F|  |TAMS 0x0000000783700000| PB 0x0000000783700000| Untracked 
|  56|0x0000000783800000, 0x0000000783800000, 0x0000000783900000|  0%| F|  |TAMS 0x0000000783800000| PB 0x0000000783800000| Untracked 
|  57|0x0000000783900000, 0x0000000783900000, 0x0000000783a00000|  0%| F|  |TAMS 0x0000000783900000| PB 0x0000000783900000| Untracked 
|  58|0x0000000783a00000, 0x0000000783a00000, 0x0000000783b00000|  0%| F|  |TAMS 0x0000000783a00000| PB 0x0000000783a00000| Untracked 
|  59|0x0000000783b00000, 0x0000000783b00000, 0x0000000783c00000|  0%| F|  |TAMS 0x0000000783b00000| PB 0x0000000783b00000| Untracked 
|  60|0x0000000783c00000, 0x0000000783c00000, 0x0000000783d00000|  0%| F|  |TAMS 0x0000000783c00000| PB 0x0000000783c00000| Untracked 
|  61|0x0000000783d00000, 0x0000000783d00000, 0x0000000783e00000|  0%| F|  |TAMS 0x0000000783d00000| PB 0x0000000783d00000| Untracked 
|  62|0x0000000783e00000, 0x0000000783e00000, 0x0000000783f00000|  0%| F|  |TAMS 0x0000000783e00000| PB 0x0000000783e00000| Untracked 
|  63|0x0000000783f00000, 0x0000000783f00000, 0x0000000784000000|  0%| F|  |TAMS 0x0000000783f00000| PB 0x0000000783f00000| Untracked 
|  64|0x0000000784000000, 0x0000000784000000, 0x0000000784100000|  0%| F|  |TAMS 0x0000000784000000| PB 0x0000000784000000| Untracked 
|  65|0x0000000784100000, 0x0000000784100000, 0x0000000784200000|  0%| F|  |TAMS 0x0000000784100000| PB 0x0000000784100000| Untracked 
|  66|0x0000000784200000, 0x0000000784200000, 0x0000000784300000|  0%| F|  |TAMS 0x0000000784200000| PB 0x0000000784200000| Untracked 
|  67|0x0000000784300000, 0x0000000784300000, 0x0000000784400000|  0%| F|  |TAMS 0x0000000784300000| PB 0x0000000784300000| Untracked 
|  68|0x0000000784400000, 0x0000000784400000, 0x0000000784500000|  0%| F|  |TAMS 0x0000000784400000| PB 0x0000000784400000| Untracked 
|  69|0x0000000784500000, 0x0000000784500000, 0x0000000784600000|  0%| F|  |TAMS 0x0000000784500000| PB 0x0000000784500000| Untracked 
|  70|0x0000000784600000, 0x0000000784600000, 0x0000000784700000|  0%| F|  |TAMS 0x0000000784600000| PB 0x0000000784600000| Untracked 
|  71|0x0000000784700000, 0x0000000784700000, 0x0000000784800000|  0%| F|  |TAMS 0x0000000784700000| PB 0x0000000784700000| Untracked 
|  72|0x0000000784800000, 0x0000000784800000, 0x0000000784900000|  0%| F|  |TAMS 0x0000000784800000| PB 0x0000000784800000| Untracked 
|  73|0x0000000784900000, 0x0000000784900000, 0x0000000784a00000|  0%| F|  |TAMS 0x0000000784900000| PB 0x0000000784900000| Untracked 
|  74|0x0000000784a00000, 0x0000000784a00000, 0x0000000784b00000|  0%| F|  |TAMS 0x0000000784a00000| PB 0x0000000784a00000| Untracked 
|  75|0x0000000784b00000, 0x0000000784b00000, 0x0000000784c00000|  0%| F|  |TAMS 0x0000000784b00000| PB 0x0000000784b00000| Untracked 
|  76|0x0000000784c00000, 0x0000000784c00000, 0x0000000784d00000|  0%| F|  |TAMS 0x0000000784c00000| PB 0x0000000784c00000| Untracked 
|  77|0x0000000784d00000, 0x0000000784d00000, 0x0000000784e00000|  0%| F|  |TAMS 0x0000000784d00000| PB 0x0000000784d00000| Untracked 
|  78|0x0000000784e00000, 0x0000000784e00000, 0x0000000784f00000|  0%| F|  |TAMS 0x0000000784e00000| PB 0x0000000784e00000| Untracked 
|  79|0x0000000784f00000, 0x0000000784f00000, 0x0000000785000000|  0%| F|  |TAMS 0x0000000784f00000| PB 0x0000000784f00000| Untracked 
|  80|0x0000000785000000, 0x0000000785000000, 0x0000000785100000|  0%| F|  |TAMS 0x0000000785000000| PB 0x0000000785000000| Untracked 
|  81|0x0000000785100000, 0x0000000785100000, 0x0000000785200000|  0%| F|  |TAMS 0x0000000785100000| PB 0x0000000785100000| Untracked 
|  82|0x0000000785200000, 0x0000000785200000, 0x0000000785300000|  0%| F|  |TAMS 0x0000000785200000| PB 0x0000000785200000| Untracked 
|  83|0x0000000785300000, 0x0000000785300000, 0x0000000785400000|  0%| F|  |TAMS 0x0000000785300000| PB 0x0000000785300000| Untracked 
|  84|0x0000000785400000, 0x0000000785400000, 0x0000000785500000|  0%| F|  |TAMS 0x0000000785400000| PB 0x0000000785400000| Untracked 
|  85|0x0000000785500000, 0x0000000785500000, 0x0000000785600000|  0%| F|  |TAMS 0x0000000785500000| PB 0x0000000785500000| Untracked 
|  86|0x0000000785600000, 0x0000000785600000, 0x0000000785700000|  0%| F|  |TAMS 0x0000000785600000| PB 0x0000000785600000| Untracked 
|  87|0x0000000785700000, 0x0000000785700000, 0x0000000785800000|  0%| F|  |TAMS 0x0000000785700000| PB 0x0000000785700000| Untracked 
|  88|0x0000000785800000, 0x0000000785800000, 0x0000000785900000|  0%| F|  |TAMS 0x0000000785800000| PB 0x0000000785800000| Untracked 
|  89|0x0000000785900000, 0x0000000785900000, 0x0000000785a00000|  0%| F|  |TAMS 0x0000000785900000| PB 0x0000000785900000| Untracked 
|  90|0x0000000785a00000, 0x0000000785a00000, 0x0000000785b00000|  0%| F|  |TAMS 0x0000000785a00000| PB 0x0000000785a00000| Untracked 
|  91|0x0000000785b00000, 0x0000000785b00000, 0x0000000785c00000|  0%| F|  |TAMS 0x0000000785b00000| PB 0x0000000785b00000| Untracked 
|  92|0x0000000785c00000, 0x0000000785c00000, 0x0000000785d00000|  0%| F|  |TAMS 0x0000000785c00000| PB 0x0000000785c00000| Untracked 
|  93|0x0000000785d00000, 0x0000000785d00000, 0x0000000785e00000|  0%| F|  |TAMS 0x0000000785d00000| PB 0x0000000785d00000| Untracked 
|  94|0x0000000785e00000, 0x0000000785e00000, 0x0000000785f00000|  0%| F|  |TAMS 0x0000000785e00000| PB 0x0000000785e00000| Untracked 
|  95|0x0000000785f00000, 0x0000000785f00000, 0x0000000786000000|  0%| F|  |TAMS 0x0000000785f00000| PB 0x0000000785f00000| Untracked 
|  96|0x0000000786000000, 0x0000000786000000, 0x0000000786100000|  0%| F|  |TAMS 0x0000000786000000| PB 0x0000000786000000| Untracked 
|  97|0x0000000786100000, 0x0000000786100000, 0x0000000786200000|  0%| F|  |TAMS 0x0000000786100000| PB 0x0000000786100000| Untracked 
|  98|0x0000000786200000, 0x0000000786200000, 0x0000000786300000|  0%| F|  |TAMS 0x0000000786200000| PB 0x0000000786200000| Untracked 
|  99|0x0000000786300000, 0x0000000786300000, 0x0000000786400000|  0%| F|  |TAMS 0x0000000786300000| PB 0x0000000786300000| Untracked 
| 100|0x0000000786400000, 0x0000000786400000, 0x0000000786500000|  0%| F|  |TAMS 0x0000000786400000| PB 0x0000000786400000| Untracked 
| 101|0x0000000786500000, 0x0000000786600000, 0x0000000786600000|100%| E|  |TAMS 0x0000000786500000| PB 0x0000000786500000| Complete 
| 102|0x0000000786600000, 0x0000000786700000, 0x0000000786700000|100%| E|CS|TAMS 0x0000000786600000| PB 0x0000000786600000| Complete 
| 103|0x0000000786700000, 0x0000000786800000, 0x0000000786800000|100%| E|CS|TAMS 0x0000000786700000| PB 0x0000000786700000| Complete 
| 104|0x0000000786800000, 0x0000000786900000, 0x0000000786900000|100%| E|CS|TAMS 0x0000000786800000| PB 0x0000000786800000| Complete 
| 105|0x0000000786900000, 0x0000000786a00000, 0x0000000786a00000|100%| E|CS|TAMS 0x0000000786900000| PB 0x0000000786900000| Complete 
| 106|0x0000000786a00000, 0x0000000786b00000, 0x0000000786b00000|100%| E|CS|TAMS 0x0000000786a00000| PB 0x0000000786a00000| Complete 
| 107|0x0000000786b00000, 0x0000000786c00000, 0x0000000786c00000|100%| E|CS|TAMS 0x0000000786b00000| PB 0x0000000786b00000| Complete 
| 108|0x0000000786c00000, 0x0000000786d00000, 0x0000000786d00000|100%| E|CS|TAMS 0x0000000786c00000| PB 0x0000000786c00000| Complete 
| 109|0x0000000786d00000, 0x0000000786e00000, 0x0000000786e00000|100%| E|CS|TAMS 0x0000000786d00000| PB 0x0000000786d00000| Complete 
| 110|0x0000000786e00000, 0x0000000786f00000, 0x0000000786f00000|100%| E|CS|TAMS 0x0000000786e00000| PB 0x0000000786e00000| Complete 
| 111|0x0000000786f00000, 0x0000000787000000, 0x0000000787000000|100%| E|CS|TAMS 0x0000000786f00000| PB 0x0000000786f00000| Complete 
| 112|0x0000000787000000, 0x0000000787100000, 0x0000000787100000|100%| E|CS|TAMS 0x0000000787000000| PB 0x0000000787000000| Complete 
| 113|0x0000000787100000, 0x0000000787200000, 0x0000000787200000|100%| E|CS|TAMS 0x0000000787100000| PB 0x0000000787100000| Complete 
| 114|0x0000000787200000, 0x0000000787300000, 0x0000000787300000|100%| E|CS|TAMS 0x0000000787200000| PB 0x0000000787200000| Complete 
| 115|0x0000000787300000, 0x0000000787400000, 0x0000000787400000|100%| E|CS|TAMS 0x0000000787300000| PB 0x0000000787300000| Complete 
| 116|0x0000000787400000, 0x0000000787500000, 0x0000000787500000|100%| E|CS|TAMS 0x0000000787400000| PB 0x0000000787400000| Complete 
| 117|0x0000000787500000, 0x0000000787600000, 0x0000000787600000|100%| E|CS|TAMS 0x0000000787500000| PB 0x0000000787500000| Complete 
| 118|0x0000000787600000, 0x0000000787700000, 0x0000000787700000|100%| E|CS|TAMS 0x0000000787600000| PB 0x0000000787600000| Complete 
| 119|0x0000000787700000, 0x0000000787800000, 0x0000000787800000|100%| E|CS|TAMS 0x0000000787700000| PB 0x0000000787700000| Complete 
| 120|0x0000000787800000, 0x0000000787900000, 0x0000000787900000|100%| E|CS|TAMS 0x0000000787800000| PB 0x0000000787800000| Complete 
| 121|0x0000000787900000, 0x0000000787a00000, 0x0000000787a00000|100%| E|CS|TAMS 0x0000000787900000| PB 0x0000000787900000| Complete 
| 122|0x0000000787a00000, 0x0000000787b00000, 0x0000000787b00000|100%| E|CS|TAMS 0x0000000787a00000| PB 0x0000000787a00000| Complete 
| 123|0x0000000787b00000, 0x0000000787c00000, 0x0000000787c00000|100%| E|CS|TAMS 0x0000000787b00000| PB 0x0000000787b00000| Complete 
| 124|0x0000000787c00000, 0x0000000787d00000, 0x0000000787d00000|100%| E|CS|TAMS 0x0000000787c00000| PB 0x0000000787c00000| Complete 
| 125|0x0000000787d00000, 0x0000000787e00000, 0x0000000787e00000|100%| E|CS|TAMS 0x0000000787d00000| PB 0x0000000787d00000| Complete 
| 126|0x0000000787e00000, 0x0000000787f00000, 0x0000000787f00000|100%| E|CS|TAMS 0x0000000787e00000| PB 0x0000000787e00000| Complete 
| 127|0x0000000787f00000, 0x0000000788000000, 0x0000000788000000|100%| E|CS|TAMS 0x0000000787f00000| PB 0x0000000787f00000| Complete 
|2046|0x00000007ffe00000, 0x00000007fff00000, 0x00000007fff00000|100%| O|  |TAMS 0x00000007ffe00000| PB 0x00000007ffe00000| Untracked 
|2047|0x00000007fff00000, 0x00000007fff03198, 0x0000000800000000|  1%| O|  |TAMS 0x00000007fff00000| PB 0x00000007fff00000| Untracked 

Card table byte_map: [0x00000001034ac000,0x00000001038ac000] _byte_map_base: 0x00000000ff8ac000

Marking Bits: (CMBitMap*) 0x000000012383d810
 Bits: [0x000000010d30c000, 0x000000010f30c000)

Polling page: 0x0000000102e0c000

Metaspace:

Usage:
  Non-class:      5.58 MB used.
      Class:    693.05 KB used.
       Both:      6.26 MB used.

Virtual space:
  Non-class space:       64.00 MB reserved,       5.69 MB (  9%) committed,  1 nodes.
      Class space:        1.00 GB reserved,     832.00 KB ( <1%) committed,  1 nodes.
             Both:        1.06 GB reserved,       6.50 MB ( <1%) committed. 

Chunk freelists:
   Non-Class:  10.33 MB
       Class:  15.23 MB
        Both:  25.56 MB

MaxMetaspaceSize: unlimited
CompressedClassSpaceSize: 1.00 GB
Initial GC threshold: 21.00 MB
Current GC threshold: 21.00 MB
CDS: on
 - commit_granule_bytes: 65536.
 - commit_granule_words: 8192.
 - virtual_space_node_default_size: 8388608.
 - enlarge_chunks_in_place: 1.
 - use_allocation_guard: 0.


Internal statistics:

num_allocs_failed_limit: 0.
num_arena_births: 170.
num_arena_deaths: 0.
num_vsnodes_births: 2.
num_vsnodes_deaths: 0.
num_space_committed: 104.
num_space_uncommitted: 0.
num_chunks_returned_to_freelist: 0.
num_chunks_taken_from_freelist: 197.
num_chunk_merges: 0.
num_chunk_splits: 126.
num_chunks_enlarged: 63.
num_inconsistent_stats: 0.

CodeHeap 'non-profiled nmethods': size=120032Kb used=1203Kb max_used=1203Kb free=118828Kb
 bounds [0x0000000137ac8000, 0x0000000137d38000, 0x000000013f000000]
CodeHeap 'profiled nmethods': size=120016Kb used=2141Kb max_used=2141Kb free=117875Kb
 bounds [0x0000000130000000, 0x0000000130270000, 0x0000000137534000]
CodeHeap 'non-nmethods': size=5712Kb used=1422Kb max_used=1538Kb free=4289Kb
 bounds [0x0000000137534000, 0x00000001377a4000, 0x0000000137ac8000]
 total_blobs=1907 nmethods=1316 adapters=500
 compilation: enabled
              stopped_count=0, restarted_count=0
 full_count=0

Compilation events (20 events):
Event: 204.921 Thread 0x0000000123017e00 1307       3       java.awt.EventQueue$4::run (5 bytes)
Event: 204.922 Thread 0x0000000123017e00 nmethod 1307 0x0000000130217010 code [0x00000001302171c0, 0x0000000130217330]
Event: 204.958 Thread 0x0000000123017600 1308       4       java.util.IdentityHashMap::keySet (25 bytes)
Event: 204.960 Thread 0x0000000123017600 nmethod 1308 0x0000000137be5610 code [0x0000000137be5780, 0x0000000137be5828]
Event: 204.960 Thread 0x0000000123017600 1309       4       java.util.IdentityHashMap$KeySet::iterator (12 bytes)
Event: 204.965 Thread 0x0000000123017600 nmethod 1309 0x0000000137be5910 code [0x0000000137be5ac0, 0x0000000137be5cb0]
Event: 204.965 Thread 0x0000000123017600 1310       4       java.util.IdentityHashMap$IdentityHashMapIterator::<init> (63 bytes)
Event: 204.967 Thread 0x0000000123017600 nmethod 1310 0x0000000137be5e10 code [0x0000000137be5fc0, 0x0000000137be62a0]
Event: 204.968 Thread 0x0000000123017600 1311   !   4       javax.swing.RepaintManager$ProcessingRunnable::run (41 bytes)
Event: 205.021 Thread 0x0000000123017600 nmethod 1311 0x0000000137be6390 code [0x0000000137be6880, 0x0000000137be9530]
Event: 205.021 Thread 0x0000000123017600 1312       4       java.util.IdentityHashMap$KeyIterator::next (13 bytes)
Event: 205.022 Thread 0x0000000123017600 nmethod 1312 0x0000000137becb10 code [0x0000000137beccc0, 0x0000000137bece38]
Event: 205.022 Thread 0x0000000123017600 1313       4       java.util.IdentityHashMap$IdentityHashMapIterator::nextIndex (72 bytes)
Event: 205.022 Thread 0x0000000123017600 nmethod 1313 0x0000000137becf90 code [0x0000000137bed100, 0x0000000137bed1f8]
Event: 205.022 Thread 0x0000000123017600 1314   !   4       javax.swing.RepaintManager::paintDirtyRegions (50 bytes)
Event: 205.053 Thread 0x0000000123017600 nmethod 1314 0x0000000137bed310 code [0x0000000137bed780, 0x0000000137befbe8]
Event: 205.309 Thread 0x0000000123017600 1315   !   4       java.awt.event.InvocationEvent::dispatch (69 bytes)
Event: 205.310 Thread 0x0000000123017600 nmethod 1315 0x0000000137bf2e90 code [0x0000000137bf3080, 0x0000000137bf32f8]
Event: 206.865 Thread 0x0000000123017600 1316       4       java.awt.EventQueue$4::run (5 bytes)
Event: 206.873 Thread 0x0000000123017600 nmethod 1316 0x0000000137bf3510 code [0x0000000137bf3840, 0x0000000137bf4730]

GC Heap History (20 events):
Event: 135.616 GC heap before
{Heap before GC invocations=18 (full 0):
 garbage-first heap   total 133120K, used 79542K [0x0000000780000000, 0x0000000800000000)
  region size 1024K, 76 young (77824K), 1 survivors (1024K)
 Metaspace       used 6274K, committed 6464K, reserved 1114112K
  class space    used 672K, committed 768K, reserved 1048576K
}
Event: 135.617 GC heap after
{Heap after GC invocations=19 (full 0):
 garbage-first heap   total 133120K, used 2739K [0x0000000780000000, 0x0000000800000000)
  region size 1024K, 1 young (1024K), 1 survivors (1024K)
 Metaspace       used 6274K, committed 6464K, reserved 1114112K
  class space    used 672K, committed 768K, reserved 1048576K
}
Event: 143.345 GC heap before
{Heap before GC invocations=19 (full 0):
 garbage-first heap   total 133120K, used 79539K [0x0000000780000000, 0x0000000800000000)
  region size 1024K, 76 young (77824K), 1 survivors (1024K)
 Metaspace       used 6274K, committed 6464K, reserved 1114112K
  class space    used 672K, committed 768K, reserved 1048576K
}
Event: 143.346 GC heap after
{Heap after GC invocations=20 (full 0):
 garbage-first heap   total 133120K, used 2739K [0x0000000780000000, 0x0000000800000000)
  region size 1024K, 1 young (1024K), 1 survivors (1024K)
 Metaspace       used 6274K, committed 6464K, reserved 1114112K
  class space    used 672K, committed 768K, reserved 1048576K
}
Event: 151.087 GC heap before
{Heap before GC invocations=20 (full 0):
 garbage-first heap   total 133120K, used 79539K [0x0000000780000000, 0x0000000800000000)
  region size 1024K, 76 young (77824K), 1 survivors (1024K)
 Metaspace       used 6274K, committed 6464K, reserved 1114112K
  class space    used 672K, committed 768K, reserved 1048576K
}
Event: 151.087 GC heap after
{Heap after GC invocations=21 (full 0):
 garbage-first heap   total 133120K, used 2739K [0x0000000780000000, 0x0000000800000000)
  region size 1024K, 1 young (1024K), 1 survivors (1024K)
 Metaspace       used 6274K, committed 6464K, reserved 1114112K
  class space    used 672K, committed 768K, reserved 1048576K
}
Event: 158.861 GC heap before
{Heap before GC invocations=21 (full 0):
 garbage-first heap   total 133120K, used 79539K [0x0000000780000000, 0x0000000800000000)
  region size 1024K, 76 young (77824K), 1 survivors (1024K)
 Metaspace       used 6274K, committed 6464K, reserved 1114112K
  class space    used 672K, committed 768K, reserved 1048576K
}
Event: 158.862 GC heap after
{Heap after GC invocations=22 (full 0):
 garbage-first heap   total 133120K, used 2745K [0x0000000780000000, 0x0000000800000000)
  region size 1024K, 1 young (1024K), 1 survivors (1024K)
 Metaspace       used 6274K, committed 6464K, reserved 1114112K
  class space    used 672K, committed 768K, reserved 1048576K
}
Event: 166.566 GC heap before
{Heap before GC invocations=22 (full 0):
 garbage-first heap   total 133120K, used 79545K [0x0000000780000000, 0x0000000800000000)
  region size 1024K, 76 young (77824K), 1 survivors (1024K)
 Metaspace       used 6274K, committed 6464K, reserved 1114112K
  class space    used 672K, committed 768K, reserved 1048576K
}
Event: 166.566 GC heap after
{Heap after GC invocations=23 (full 0):
 garbage-first heap   total 133120K, used 2745K [0x0000000780000000, 0x0000000800000000)
  region size 1024K, 1 young (1024K), 1 survivors (1024K)
 Metaspace       used 6274K, committed 6464K, reserved 1114112K
  class space    used 672K, committed 768K, reserved 1048576K
}
Event: 174.379 GC heap before
{Heap before GC invocations=23 (full 0):
 garbage-first heap   total 133120K, used 79545K [0x0000000780000000, 0x0000000800000000)
  region size 1024K, 76 young (77824K), 1 survivors (1024K)
 Metaspace       used 6274K, committed 6464K, reserved 1114112K
  class space    used 672K, committed 768K, reserved 1048576K
}
Event: 174.379 GC heap after
{Heap after GC invocations=24 (full 0):
 garbage-first heap   total 133120K, used 2745K [0x0000000780000000, 0x0000000800000000)
  region size 1024K, 1 young (1024K), 1 survivors (1024K)
 Metaspace       used 6274K, committed 6464K, reserved 1114112K
  class space    used 672K, committed 768K, reserved 1048576K
}
Event: 182.169 GC heap before
{Heap before GC invocations=24 (full 0):
 garbage-first heap   total 133120K, used 79545K [0x0000000780000000, 0x0000000800000000)
  region size 1024K, 76 young (77824K), 1 survivors (1024K)
 Metaspace       used 6274K, committed 6464K, reserved 1114112K
  class space    used 672K, committed 768K, reserved 1048576K
}
Event: 182.169 GC heap after
{Heap after GC invocations=25 (full 0):
 garbage-first heap   total 133120K, used 2741K [0x0000000780000000, 0x0000000800000000)
  region size 1024K, 1 young (1024K), 1 survivors (1024K)
 Metaspace       used 6274K, committed 6464K, reserved 1114112K
  class space    used 672K, committed 768K, reserved 1048576K
}
Event: 189.853 GC heap before
{Heap before GC invocations=25 (full 0):
 garbage-first heap   total 133120K, used 79541K [0x0000000780000000, 0x0000000800000000)
  region size 1024K, 76 young (77824K), 1 survivors (1024K)
 Metaspace       used 6274K, committed 6464K, reserved 1114112K
  class space    used 672K, committed 768K, reserved 1048576K
}
Event: 189.853 GC heap after
{Heap after GC invocations=26 (full 0):
 garbage-first heap   total 133120K, used 2751K [0x0000000780000000, 0x0000000800000000)
  region size 1024K, 1 young (1024K), 1 survivors (1024K)
 Metaspace       used 6274K, committed 6464K, reserved 1114112K
  class space    used 672K, committed 768K, reserved 1048576K
}
Event: 197.496 GC heap before
{Heap before GC invocations=26 (full 0):
 garbage-first heap   total 133120K, used 79551K [0x0000000780000000, 0x0000000800000000)
  region size 1024K, 76 young (77824K), 1 survivors (1024K)
 Metaspace       used 6274K, committed 6464K, reserved 1114112K
  class space    used 672K, committed 768K, reserved 1048576K
}
Event: 197.497 GC heap after
{Heap after GC invocations=27 (full 0):
 garbage-first heap   total 133120K, used 2749K [0x0000000780000000, 0x0000000800000000)
  region size 1024K, 1 young (1024K), 1 survivors (1024K)
 Metaspace       used 6274K, committed 6464K, reserved 1114112K
  class space    used 672K, committed 768K, reserved 1048576K
}
Event: 205.230 GC heap before
{Heap before GC invocations=27 (full 0):
 garbage-first heap   total 133120K, used 79549K [0x0000000780000000, 0x0000000800000000)
  region size 1024K, 76 young (77824K), 1 survivors (1024K)
 Metaspace       used 6405K, committed 6656K, reserved 1114112K
  class space    used 693K, committed 832K, reserved 1048576K
}
Event: 205.231 GC heap after
{Heap after GC invocations=28 (full 0):
 garbage-first heap   total 133120K, used 2751K [0x0000000780000000, 0x0000000800000000)
  region size 1024K, 1 young (1024K), 1 survivors (1024K)
 Metaspace       used 6405K, committed 6656K, reserved 1114112K
  class space    used 693K, committed 832K, reserved 1048576K
}

Dll operation events (7 events):
Event: 0.003 Loaded shared library /Users/leahfeiner/Library/Java/JavaVirtualMachines/openjdk-21.0.1/Contents/Home/lib/libjava.dylib
Event: 0.034 Loaded shared library /Users/leahfeiner/Library/Java/JavaVirtualMachines/openjdk-21.0.1/Contents/Home/lib/libnio.dylib
Event: 0.035 Loaded shared library /Users/leahfeiner/Library/Java/JavaVirtualMachines/openjdk-21.0.1/Contents/Home/lib/libjimage.dylib
Event: 0.045 Loaded shared library /Users/leahfeiner/Library/Java/JavaVirtualMachines/openjdk-21.0.1/Contents/Home/lib/libawt.dylib
Event: 0.052 Loaded shared library /Users/leahfeiner/Library/Java/JavaVirtualMachines/openjdk-21.0.1/Contents/Home/lib/libawt_lwawt.dylib
Event: 0.075 Loaded shared library /Users/leahfeiner/Library/Java/JavaVirtualMachines/openjdk-21.0.1/Contents/Home/lib/libfontmanager.dylib
Event: 0.252 Loaded shared library /Users/leahfeiner/Library/Java/JavaVirtualMachines/openjdk-21.0.1/Contents/Home/lib/libosxui.dylib

Deoptimization events (20 events):
Event: 74.001 Thread 0x0000000123100200 Uncommon trap: trap_request=0xffffff45 fr.pc=0x0000000137b76d70 relative=0x00000000000005f0
Event: 74.001 Thread 0x0000000123100200 Uncommon trap: reason=unstable_if action=reinterpret pc=0x0000000137b76d70 method=java.awt.EventQueue.setCurrentEventAndMostRecentTimeImpl(Ljava/awt/AWTEvent;)V @ 55 c2
Event: 74.001 Thread 0x0000000123100200 DEOPT PACKING pc=0x0000000137b76d70 sp=0x00000001700fa110
Event: 74.001 Thread 0x0000000123100200 DEOPT UNPACKING pc=0x000000013757701c sp=0x00000001700fa090 mode 2
Event: 204.912 Thread 0x0000000123100200 Uncommon trap: trap_request=0xffffff66 fr.pc=0x0000000137bd1acc relative=0x00000000000040cc
Event: 204.912 Thread 0x0000000123100200 Uncommon trap: reason=speculate_class_check action=maybe_recompile pc=0x0000000137bd1acc method=java.awt.EventQueue.coalesceEvent(Ljava/awt/AWTEvent;I)Z @ 53 c2
Event: 204.912 Thread 0x0000000123100200 DEOPT PACKING pc=0x0000000137bd1acc sp=0x00000001700fa720
Event: 204.912 Thread 0x0000000123100200 DEOPT UNPACKING pc=0x000000013757701c sp=0x00000001700fa4f0 mode 2
Event: 204.913 Thread 0x0000000123100200 Uncommon trap: trap_request=0xffffff45 fr.pc=0x0000000137b16958 relative=0x0000000000000098
Event: 204.913 Thread 0x0000000123100200 Uncommon trap: reason=unstable_if action=reinterpret pc=0x0000000137b16958 method=sun.awt.SunToolkit.getAppContext(Ljava/lang/Object;)Lsun/awt/AppContext; @ 4 c2
Event: 204.913 Thread 0x0000000123100200 DEOPT PACKING pc=0x0000000137b16958 sp=0x00000001700f9f70
Event: 204.913 Thread 0x0000000123100200 DEOPT UNPACKING pc=0x000000013757701c sp=0x00000001700f9f00 mode 2
Event: 204.919 Thread 0x0000000123100200 Uncommon trap: trap_request=0xffffff45 fr.pc=0x0000000137b3a1b8 relative=0x00000000000002f8
Event: 204.919 Thread 0x0000000123100200 Uncommon trap: reason=unstable_if action=reinterpret pc=0x0000000137b3a1b8 method=javax.swing.ArrayTable.get(Ljava/lang/Object;)Ljava/lang/Object; @ 6 c2
Event: 204.919 Thread 0x0000000123100200 DEOPT PACKING pc=0x0000000137b3a1b8 sp=0x00000001700f9380
Event: 204.919 Thread 0x0000000123100200 DEOPT UNPACKING pc=0x000000013757701c sp=0x00000001700f9320 mode 2
Event: 204.919 Thread 0x0000000123100200 Uncommon trap: trap_request=0xffffff45 fr.pc=0x0000000137bbd560 relative=0x0000000000004fe0
Event: 204.919 Thread 0x0000000123100200 Uncommon trap: reason=unstable_if action=reinterpret pc=0x0000000137bbd560 method=java.awt.EventQueue.setCurrentEventAndMostRecentTimeImpl(Ljava/awt/AWTEvent;)V @ 137 c2
Event: 204.919 Thread 0x0000000123100200 DEOPT PACKING pc=0x0000000137bbd560 sp=0x00000001700fa6d0
Event: 204.919 Thread 0x0000000123100200 DEOPT UNPACKING pc=0x000000013757701c sp=0x00000001700fa530 mode 2

Classes loaded (20 events):
Event: 4.454 Loading class java/awt/image/BufferedImage
Event: 4.455 Loading class java/awt/image/WritableRenderedImage
Event: 4.455 Loading class java/awt/image/RenderedImage
Event: 4.455 Loading class java/awt/image/RenderedImage done
Event: 4.456 Loading class java/awt/image/WritableRenderedImage done
Event: 4.456 Loading class java/awt/image/BufferedImage done
Event: 4.456 Loading class java/awt/image/BufferedImageOp
Event: 4.456 Loading class java/awt/image/BufferedImageOp done
Event: 204.914 Loading class javax/swing/JInternalFrame
Event: 204.916 Loading class javax/swing/JInternalFrame done
Event: 204.917 Loading class javax/swing/JMenu
Event: 204.917 Loading class javax/swing/MenuElement
Event: 204.917 Loading class javax/swing/MenuElement done
Event: 204.918 Loading class javax/swing/JMenuItem
Event: 204.918 Loading class javax/swing/AbstractButton
Event: 204.918 Loading class java/awt/ItemSelectable
Event: 204.918 Loading class java/awt/ItemSelectable done
Event: 204.918 Loading class javax/swing/AbstractButton done
Event: 204.918 Loading class javax/swing/JMenuItem done
Event: 204.918 Loading class javax/swing/JMenu done

Classes unloaded (0 events):
No events

Classes redefined (0 events):
No events

Internal exceptions (20 events):
Event: 0.266 Thread 0x000000012381a800 Exception <a 'java/lang/NoSuchMethodError'{0x0000000787da36d8}: 'java.lang.Object java.lang.invoke.DirectMethodHandle$Holder.invokeStatic(java.lang.Object, int, java.lang.Object)'> (0x0000000787da36d8) 
thrown [open/src/hotspot/share/interpreter/linkResolver.cpp, line 773]
Event: 0.268 Thread 0x000000012381a800 Exception <a 'java/lang/ClassNotFoundException'{0x0000000787dd00a8}: com/apple/laf/resources/spi/aquaProvider> (0x0000000787dd00a8) 
thrown [open/src/hotspot/share/classfile/systemDictionary.cpp, line 312]
Event: 0.279 Thread 0x000000012381a800 Exception <a 'java/lang/ClassNotFoundException'{0x0000000787c345d0}: com/sun/swing/internal/plaf/basic/resources/spi/basicProvider> (0x0000000787c345d0) 
thrown [open/src/hotspot/share/classfile/systemDictionary.cpp, line 312]
Event: 0.286 Thread 0x000000012381a800 Exception <a 'java/lang/NoSuchMethodError'{0x0000000787c549d8}: 'int java.lang.invoke.Invokers$Holder.invokeExact_MT(java.lang.Object, java.lang.Object)'> (0x0000000787c549d8) 
thrown [open/src/hotspot/share/interpreter/linkResolver.cpp, line 773]
Event: 0.292 Thread 0x000000012381a800 Exception <a 'java/lang/NoSuchMethodError'{0x0000000787ce5fb0}: 'void java.lang.invoke.Invokers$Holder.invokeExact_MT(java.lang.Object, java.lang.Object, java.lang.Object, java.lang.Object)'> (0x0000000787ce5fb0) 
thrown [open/src/hotspot/share/interpreter/linkResolver.cpp, line 773]
Event: 0.296 Thread 0x000000012381a800 Exception <a 'java/lang/NoSuchMethodError'{0x0000000787cf1b38}: 'java.lang.Object java.lang.invoke.DirectMethodHandle$Holder.newInvokeSpecial(java.lang.Object, java.lang.Object, java.lang.Object, int, java.lang.Object)'> (0x0000000787cf1b38) 
thrown [open/src/hotspot/share/interpreter/linkResolver.cpp, line 773]
Event: 0.296 Thread 0x000000012381a800 Exception <a 'java/lang/NoSuchMethodError'{0x0000000787cf8f30}: 'java.lang.Object java.lang.invoke.Invokers$Holder.linkToTargetMethod(java.lang.Object, java.lang.Object, int, java.lang.Object, java.lang.Object)'> (0x0000000787cf8f30) 
thrown [open/src/hotspot/share/interpreter/linkResolver.cpp, line 773]
Event: 0.314 Thread 0x000000012381a800 Exception <a 'java/lang/NoSuchMethodError'{0x0000000787cfcfa0}: 'void java.lang.invoke.DirectMethodHandle$Holder.invokeStatic(java.lang.Object, int, long)'> (0x0000000787cfcfa0) 
thrown [open/src/hotspot/share/interpreter/linkResolver.cpp, line 773]
Event: 0.317 Thread 0x0000000123100200 Exception <a 'java/lang/NoSuchMethodError'{0x0000000787b77988}: 'void java.lang.invoke.DirectMethodHandle$Holder.invokeStatic(java.lang.Object, long)'> (0x0000000787b77988) 
thrown [open/src/hotspot/share/interpreter/linkResolver.cpp, line 773]
Event: 0.326 Thread 0x000000012381a800 Exception <a 'java/lang/NoSuchMethodError'{0x0000000787b22930}: 'java.lang.Object java.lang.invoke.Invokers$Holder.linkToTargetMethod(int, int, int, int, java.lang.Object)'> (0x0000000787b22930) 
thrown [open/src/hotspot/share/interpreter/linkResolver.cpp, line 773]
Event: 0.326 Thread 0x000000012381a800 Exception <a 'java/lang/NoSuchMethodError'{0x0000000787b25f60}: 'void java.lang.invoke.DirectMethodHandle$Holder.invokeStatic(java.lang.Object, java.lang.Object, long)'> (0x0000000787b25f60) 
thrown [open/src/hotspot/share/interpreter/linkResolver.cpp, line 773]
Event: 0.334 Thread 0x0000000123014a00 Exception <a 'java/lang/NoSuchMethodError'{0x0000000787a26748}: 'void java.lang.invoke.DirectMethodHandle$Holder.invokeSpecial(java.lang.Object, java.lang.Object, long)'> (0x0000000787a26748) 
thrown [open/src/hotspot/share/interpreter/linkResolver.cpp, line 773]
Event: 0.355 Thread 0x000000012381a800 Exception <a 'java/lang/NoSuchMethodError'{0x0000000787b3ddc8}: 'void java.lang.invoke.DirectMethodHandle$Holder.invokeStatic(java.lang.Object, long, long)'> (0x0000000787b3ddc8) 
thrown [open/src/hotspot/share/interpreter/linkResolver.cpp, line 773]
Event: 0.355 Thread 0x000000012381a800 Exception <a 'java/lang/NoSuchMethodError'{0x0000000787b42b78}: 'java.lang.Object java.lang.invoke.DirectMethodHandle$Holder.newInvokeSpecial(java.lang.Object, long)'> (0x0000000787b42b78) 
thrown [open/src/hotspot/share/interpreter/linkResolver.cpp, line 773]
Event: 0.356 Thread 0x000000012381a800 Exception <a 'java/lang/NoSuchMethodError'{0x0000000787b4beb0}: 'java.lang.Object java.lang.invoke.DirectMethodHandle$Holder.newInvokeSpecial(java.lang.Object, java.lang.Object, int)'> (0x0000000787b4beb0) 
thrown [open/src/hotspot/share/interpreter/linkResolver.cpp, line 773]
Event: 6.947 Thread 0x0000000123100200 Implicit null exception at 0x0000000137b2b084 to 0x0000000137b2cab8
Event: 70.449 Thread 0x0000000123100200 Implicit null exception at 0x0000000137bb6b68 to 0x0000000137bb6be8
Event: 74.001 Thread 0x0000000123100200 Implicit null exception at 0x0000000137b33cb8 to 0x0000000137b33e84
Event: 74.001 Thread 0x0000000123100200 Implicit null exception at 0x0000000137b1210c to 0x0000000137b122d0
Event: 204.919 Thread 0x0000000123100200 Implicit null exception at 0x0000000137b39efc to 0x0000000137b3a1ac

ZGC Phase Switch (0 events):
No events

VM Operations (20 events):
Event: 151.087 Executing VM operation: G1CollectForAllocation (G1 Evacuation Pause)
Event: 151.087 Executing VM operation: G1CollectForAllocation (G1 Evacuation Pause) done
Event: 158.861 Executing VM operation: G1CollectForAllocation (G1 Evacuation Pause)
Event: 158.862 Executing VM operation: G1CollectForAllocation (G1 Evacuation Pause) done
Event: 166.566 Executing VM operation: G1CollectForAllocation (G1 Evacuation Pause)
Event: 166.566 Executing VM operation: G1CollectForAllocation (G1 Evacuation Pause) done
Event: 174.379 Executing VM operation: G1CollectForAllocation (G1 Evacuation Pause)
Event: 174.379 Executing VM operation: G1CollectForAllocation (G1 Evacuation Pause) done
Event: 182.169 Executing VM operation: G1CollectForAllocation (G1 Evacuation Pause)
Event: 182.169 Executing VM operation: G1CollectForAllocation (G1 Evacuation Pause) done
Event: 189.853 Executing VM operation: G1CollectForAllocation (G1 Evacuation Pause)
Event: 189.853 Executing VM operation: G1CollectForAllocation (G1 Evacuation Pause) done
Event: 197.496 Executing VM operation: G1CollectForAllocation (G1 Evacuation Pause)
Event: 197.497 Executing VM operation: G1CollectForAllocation (G1 Evacuation Pause) done
Event: 204.917 Executing VM operation: HandshakeAllThreads (Deoptimize)
Event: 204.917 Executing VM operation: HandshakeAllThreads (Deoptimize) done
Event: 204.917 Executing VM operation: Cleanup
Event: 204.917 Executing VM operation: Cleanup done
Event: 205.230 Executing VM operation: G1CollectForAllocation (G1 Evacuation Pause)
Event: 205.231 Executing VM operation: G1CollectForAllocation (G1 Evacuation Pause) done

Events (20 events):
Event: 0.021 Thread 0x0000000123017e00 Thread added: 0x0000000123017e00
Event: 0.021 Protecting memory [0x000000016f080000,0x000000016f08c000] with protection modes 0
Event: 0.023 Thread 0x00000001238c3000 Thread added: 0x00000001238c3000
Event: 0.023 Protecting memory [0x000000016f28c000,0x000000016f298000] with protection modes 0
Event: 0.023 Thread 0x000000012200b000 Thread added: 0x000000012200b000
Event: 0.023 Protecting memory [0x000000016f498000,0x000000016f4a4000] with protection modes 0
Event: 0.078 Protecting memory [0x000000016ca38000,0x000000016ca44000] with protection modes 0
Event: 0.078 Thread 0x0000000123014a00 Thread added: 0x0000000123014a00
Event: 0.149 Thread 0x00000001168baa00 Thread added: 0x00000001168baa00
Event: 0.149 Protecting memory [0x000000016f6a4000,0x000000016f6b0000] with protection modes 0
Event: 0.236 Thread 0x00000001230e2a00 Thread added: 0x00000001230e2a00
Event: 0.236 Protecting memory [0x000000016fae0000,0x000000016faec000] with protection modes 0
Event: 0.239 Thread 0x00000001230e0200 Thread added: 0x00000001230e0200
Event: 0.239 Protecting memory [0x000000016fcec000,0x000000016fcf8000] with protection modes 0
Event: 0.316 Thread 0x0000000123100200 Thread added: 0x0000000123100200
Event: 0.316 Protecting memory [0x000000016fef8000,0x000000016ff04000] with protection modes 0
Event: 0.361 Protecting memory [0x000000016d2c0000,0x000000016d2cc000] with protection modes 3
Event: 0.361 Thread 0x000000012381a800 Thread exited: 0x000000012381a800
Event: 0.361 Protecting memory [0x000000016d2c0000,0x000000016d2cc000] with protection modes 0
Event: 0.361 Thread 0x00000001230b9000 Thread added: 0x00000001230b9000


Dynamic libraries:
0x0000000102dbc000 	/Users/leahfeiner/Library/Java/JavaVirtualMachines/openjdk-21.0.1/Contents/Home/lib/libjli.dylib
0x000000019c634000 	/System/Library/Frameworks/Cocoa.framework/Versions/A/Cocoa
0x0000000188bbb000 	/System/Library/Frameworks/AppKit.framework/Versions/C/AppKit
0x000000018c0eb000 	/System/Library/Frameworks/CoreData.framework/Versions/A/CoreData
0x0000000186f18000 	/System/Library/Frameworks/Foundation.framework/Versions/C/Foundation
0x0000000190a33000 	/usr/lib/libSystem.B.dylib
0x0000000189a6f000 	/System/Library/PrivateFrameworks/UIFoundation.framework/Versions/A/UIFoundation
0x0000000196933000 	/System/Library/PrivateFrameworks/RemoteViewServices.framework/Versions/A/RemoteViewServices
0x000000018ef4e000 	/System/Library/PrivateFrameworks/XCTTargetBootstrap.framework/Versions/A/XCTTargetBootstrap
0x0000000192734000 	/System/Library/PrivateFrameworks/InternationalSupport.framework/Versions/A/InternationalSupport
0x00000001927bd000 	/System/Library/PrivateFrameworks/UserActivity.framework/Versions/A/UserActivity
0x0000000191c62000 	/usr/lib/libspindump.dylib
0x0000000189cdf000 	/System/Library/Frameworks/UniformTypeIdentifiers.framework/Versions/A/UniformTypeIdentifiers
0x000000018d4db000 	/usr/lib/libapp_launch_measurement.dylib
0x000000018ca53000 	/System/Library/PrivateFrameworks/CoreAnalytics.framework/Versions/A/CoreAnalytics
0x000000018d4de000 	/System/Library/PrivateFrameworks/CoreAutoLayout.framework/Versions/A/CoreAutoLayout
0x000000018e851000 	/System/Library/Frameworks/Metal.framework/Versions/A/Metal
0x000000018f5a0000 	/usr/lib/liblangid.dylib
0x000000018ef52000 	/System/Library/PrivateFrameworks/CoreSVG.framework/Versions/A/CoreSVG
0x000000018b1a6000 	/System/Library/PrivateFrameworks/SkyLight.framework/Versions/A/SkyLight
0x000000018b570000 	/System/Library/Frameworks/CoreGraphics.framework/Versions/A/CoreGraphics
0x0000000196fb0000 	/System/Library/Frameworks/Accelerate.framework/Versions/A/Accelerate
0x00000001916d6000 	/System/Library/PrivateFrameworks/IconServices.framework/Versions/A/IconServices
0x000000018e833000 	/System/Library/Frameworks/IOSurface.framework/Versions/A/IOSurface
0x000000018ca83000 	/usr/lib/libDiagnosticMessagesClient.dylib
0x0000000190983000 	/usr/lib/libz.1.dylib
0x000000019a3f7000 	/System/Library/Frameworks/ApplicationServices.framework/Versions/A/ApplicationServices
0x000000018ef36000 	/System/Library/PrivateFrameworks/DFRFoundation.framework/Versions/A/DFRFoundation
0x000000018845c000 	/usr/lib/libicucore.A.dylib
0x0000000193535000 	/System/Library/Frameworks/AudioToolbox.framework/Versions/A/AudioToolbox
0x0000000192740000 	/System/Library/PrivateFrameworks/DataDetectorsCore.framework/Versions/A/DataDetectorsCore
0x00000001a8872000 	/System/Library/PrivateFrameworks/TextInput.framework/Versions/A/TextInput
0x000000018b11d000 	/usr/lib/libMobileGestalt.dylib
0x000000018ec06000 	/System/Library/Frameworks/Carbon.framework/Versions/A/Frameworks/HIToolbox.framework/Versions/A/HIToolbox
0x000000018cee4000 	/System/Library/Frameworks/QuartzCore.framework/Versions/A/QuartzCore
0x00000001880d9000 	/System/Library/Frameworks/Security.framework/Versions/A/Security
0x0000000196973000 	/System/Library/Frameworks/Carbon.framework/Versions/A/Frameworks/SpeechRecognition.framework/Versions/A/SpeechRecognition
0x000000018d232000 	/System/Library/PrivateFrameworks/CoreUI.framework/Versions/A/CoreUI
0x00000001879aa000 	/System/Library/Frameworks/CoreAudio.framework/Versions/A/CoreAudio
0x000000018cb77000 	/System/Library/Frameworks/DiskArbitration.framework/Versions/A/DiskArbitration
0x0000000192047000 	/System/Library/PrivateFrameworks/MultitouchSupport.framework/Versions/A/MultitouchSupport
0x000000018b11b000 	/usr/lib/libenergytrace.dylib
0x0000000188a85000 	/System/Library/Frameworks/IOKit.framework/Versions/A/IOKit
0x0000000196d5c000 	/System/Library/Frameworks/CoreServices.framework/Versions/A/CoreServices
0x000000018d46b000 	/System/Library/PrivateFrameworks/PerformanceAnalysis.framework/Versions/A/PerformanceAnalysis
0x00000001e73e5000 	/System/Library/Frameworks/OpenGL.framework/Versions/A/OpenGL
0x000000018fff1000 	/System/Library/PrivateFrameworks/MobileKeyBag.framework/Versions/A/MobileKeyBag
0x0000000185e62000 	/usr/lib/libobjc.A.dylib
0x000000018bb80000 	/System/Library/Frameworks/ColorSync.framework/Versions/A/ColorSync
0x0000000186024000 	/System/Library/Frameworks/CoreFoundation.framework/Versions/A/CoreFoundation
0x000000018f1d3000 	/System/Library/Frameworks/CoreImage.framework/Versions/A/CoreImage
0x00000001877cd000 	/System/Library/Frameworks/CoreText.framework/Versions/A/CoreText
0x000000018ef82000 	/System/Library/Frameworks/ImageIO.framework/Versions/A/ImageIO
0x0000000190a39000 	/System/Library/PrivateFrameworks/SoftLinking.framework/Versions/A/SoftLinking
0x000000018d528000 	/usr/lib/libxml2.2.dylib
0x0000000185f22000 	/usr/lib/libc++.1.dylib
0x0000000190cd2000 	/usr/lib/libcompression.dylib
0x000000019268d000 	/System/Library/PrivateFrameworks/TextureIO.framework/Versions/A/TextureIO
0x00000001913f0000 	/usr/lib/libate.dylib
0x0000000190a2d000 	/usr/lib/system/libcache.dylib
0x00000001909eb000 	/usr/lib/system/libcommonCrypto.dylib
0x0000000190a14000 	/usr/lib/system/libcompiler_rt.dylib
0x0000000190a0b000 	/usr/lib/system/libcopyfile.dylib
0x0000000185d76000 	/usr/lib/system/libcorecrypto.dylib
0x0000000185e1b000 	/usr/lib/system/libdispatch.dylib
0x0000000185fe3000 	/usr/lib/system/libdyld.dylib
0x0000000190a23000 	/usr/lib/system/libkeymgr.dylib
0x00000001909cd000 	/usr/lib/system/libmacho.dylib
0x00000001900d1000 	/usr/lib/system/libquarantine.dylib
0x0000000190a20000 	/usr/lib/system/libremovefile.dylib
0x000000018b172000 	/usr/lib/system/libsystem_asl.dylib
0x0000000185d20000 	/usr/lib/system/libsystem_blocks.dylib
0x0000000185ea1000 	/usr/lib/system/libsystem_c.dylib
0x0000000190a18000 	/usr/lib/system/libsystem_collections.dylib
0x000000018f590000 	/usr/lib/system/libsystem_configuration.dylib
0x000000018e814000 	/usr/lib/system/libsystem_containermanager.dylib
0x0000000190734000 	/usr/lib/system/libsystem_coreservices.dylib
0x0000000188707000 	/usr/lib/system/libsystem_darwin.dylib
0x0000000190a24000 	/usr/lib/system/libsystem_dnssd.dylib
0x0000000185e9e000 	/usr/lib/system/libsystem_featureflags.dylib
0x0000000185ff8000 	/usr/lib/system/libsystem_info.dylib
0x0000000190995000 	/usr/lib/system/libsystem_m.dylib
0x0000000185df0000 	/usr/lib/system/libsystem_malloc.dylib
0x000000018b103000 	/usr/lib/system/libsystem_networkextension.dylib
0x0000000188b5b000 	/usr/lib/system/libsystem_notify.dylib
0x0000000196c39000 	/usr/lib/system/libsystem_product_info_filter.dylib
0x000000018f595000 	/usr/lib/system/libsystem_sandbox.dylib
0x0000000190a1d000 	/usr/lib/system/libsystem_secinit.dylib
0x0000000185fa0000 	/usr/lib/system/libsystem_kernel.dylib
0x0000000185ff0000 	/usr/lib/system/libsystem_platform.dylib
0x0000000185fd6000 	/usr/lib/system/libsystem_pthread.dylib
0x000000018c8ac000 	/usr/lib/system/libsystem_symptoms.dylib
0x0000000185d5c000 	/usr/lib/system/libsystem_trace.dylib
0x00000001909f8000 	/usr/lib/system/libunwind.dylib
0x0000000185d22000 	/usr/lib/system/libxpc.dylib
0x0000000185f86000 	/usr/lib/libc++abi.dylib
0x0000000190a03000 	/usr/lib/liboah.dylib
0x00000001912b8000 	/usr/lib/liblzma.5.dylib
0x0000000186c0c000 	/System/Library/Frameworks/SystemConfiguration.framework/Versions/A/SystemConfiguration
0x0000000190a35000 	/usr/lib/libfakelink.dylib
0x000000018ac4a000 	/System/Library/Frameworks/CFNetwork.framework/Versions/A/CFNetwork
0x0000000190b7c000 	/usr/lib/libarchive.2.dylib
0x000000018f59c000 	/System/Library/PrivateFrameworks/AppleSystemInfo.framework/Versions/A/AppleSystemInfo
0x00000001900fc000 	/usr/lib/libbsm.0.dylib
0x000000018a182000 	/usr/lib/libnetwork.dylib
0x00000001909d3000 	/usr/lib/system/libkxld.dylib
0x000000018fd13000 	/System/Library/PrivateFrameworks/IOMobileFramebuffer.framework/Versions/A/IOMobileFramebuffer
0x000000020314a000 	/usr/lib/libCoreEntitlements.dylib
0x0000000190716000 	/System/Library/PrivateFrameworks/AppleFSCompression.framework/Versions/A/AppleFSCompression
0x00000001900e4000 	/usr/lib/libcoretls.dylib
0x00000001912d1000 	/usr/lib/libcoretls_cfhelpers.dylib
0x0000000190ccd000 	/usr/lib/libpam.2.dylib
0x000000018c4d4000 	/usr/lib/libsqlite3.dylib
0x0000000191339000 	/usr/lib/libxar.1.dylib
0x0000000190727000 	/usr/lib/libbz2.1.0.dylib
0x0000000190a3a000 	/usr/lib/libpcap.A.dylib
0x000000018c8a3000 	/usr/lib/libdns_services.dylib
0x0000000190ca0000 	/usr/lib/libapple_nghttp2.dylib
0x0000000190a77000 	/usr/lib/libiconv.2.dylib
0x00000001909cc000 	/usr/lib/libcharset.1.dylib
0x000000018d4a7000 	/System/Library/Frameworks/CoreServices.framework/Versions/A/Frameworks/FSEvents.framework/Versions/A/FSEvents
0x0000000188712000 	/System/Library/Frameworks/CoreServices.framework/Versions/A/Frameworks/CarbonCore.framework/Versions/A/CarbonCore
0x000000018cada000 	/System/Library/Frameworks/CoreServices.framework/Versions/A/Frameworks/Metadata.framework/Versions/A/Metadata
0x000000019073a000 	/System/Library/Frameworks/CoreServices.framework/Versions/A/Frameworks/OSServices.framework/Versions/A/OSServices
0x0000000190c02000 	/System/Library/Frameworks/CoreServices.framework/Versions/A/Frameworks/SearchKit.framework/Versions/A/SearchKit
0x000000018c831000 	/System/Library/Frameworks/CoreServices.framework/Versions/A/Frameworks/AE.framework/Versions/A/AE
0x0000000186568000 	/System/Library/Frameworks/CoreServices.framework/Versions/A/Frameworks/LaunchServices.framework/Versions/A/LaunchServices
0x0000000191261000 	/System/Library/Frameworks/CoreServices.framework/Versions/A/Frameworks/DictionaryServices.framework/Versions/A/DictionaryServices
0x000000018d4b4000 	/System/Library/Frameworks/CoreServices.framework/Versions/A/Frameworks/SharedFileList.framework/Versions/A/SharedFileList
0x00000001900d4000 	/usr/lib/libCheckFix.dylib
0x000000018b18a000 	/System/Library/PrivateFrameworks/TCC.framework/Versions/A/TCC
0x000000018f5a2000 	/System/Library/PrivateFrameworks/CoreNLP.framework/Versions/A/CoreNLP
0x000000018ca86000 	/System/Library/PrivateFrameworks/MetadataUtilities.framework/Versions/A/MetadataUtilities
0x0000000186cc5000 	/usr/lib/libmecabra.dylib
0x000000019010d000 	/usr/lib/libmecab.dylib
0x0000000186c91000 	/usr/lib/libCRFSuite.dylib
0x000000019016b000 	/usr/lib/libgermantok.dylib
0x0000000190c79000 	/usr/lib/libThaiTokenizer.dylib
0x000000018cb7f000 	/System/Library/Frameworks/Accelerate.framework/Versions/A/Frameworks/vImage.framework/Versions/A/vImage
0x0000000196d33000 	/System/Library/Frameworks/Accelerate.framework/Versions/A/Frameworks/vecLib.framework/Versions/A/vecLib
0x000000019137d000 	/System/Library/Frameworks/Accelerate.framework/Versions/A/Frameworks/vecLib.framework/Versions/A/libvMisc.dylib
0x000000018fc1d000 	/System/Library/Frameworks/Accelerate.framework/Versions/A/Frameworks/vecLib.framework/Versions/A/libvDSP.dylib
0x00000001868eb000 	/System/Library/Frameworks/Accelerate.framework/Versions/A/Frameworks/vecLib.framework/Versions/A/libBLAS.dylib
0x0000000190da1000 	/System/Library/Frameworks/Accelerate.framework/Versions/A/Frameworks/vecLib.framework/Versions/A/libLAPACK.dylib
0x000000019016e000 	/System/Library/Frameworks/Accelerate.framework/Versions/A/Frameworks/vecLib.framework/Versions/A/libLinearAlgebra.dylib
0x0000000190cb8000 	/System/Library/Frameworks/Accelerate.framework/Versions/A/Frameworks/vecLib.framework/Versions/A/libSparseBLAS.dylib
0x0000000190d9c000 	/System/Library/Frameworks/Accelerate.framework/Versions/A/Frameworks/vecLib.framework/Versions/A/libQuadrature.dylib
0x000000018f699000 	/System/Library/Frameworks/Accelerate.framework/Versions/A/Frameworks/vecLib.framework/Versions/A/libBNNS.dylib
0x0000000186ba9000 	/System/Library/Frameworks/Accelerate.framework/Versions/A/Frameworks/vecLib.framework/Versions/A/libSparse.dylib
0x000000018f691000 	/System/Library/PrivateFrameworks/LinguisticData.framework/Versions/A/LinguisticData
0x0000000186b5f000 	/System/Library/PrivateFrameworks/Lexicon.framework/Versions/A/Lexicon
0x0000000191375000 	/usr/lib/libChineseTokenizer.dylib
0x0000000187306000 	/System/Library/PrivateFrameworks/LanguageModeling.framework/Versions/A/LanguageModeling
0x0000000190c7b000 	/System/Library/PrivateFrameworks/AppleSauce.framework/Versions/A/AppleSauce
0x000000018fd00000 	/System/Library/PrivateFrameworks/CoreEmoji.framework/Versions/A/CoreEmoji
0x0000000190b6a000 	/usr/lib/libcmph.dylib
0x000000018d487000 	/System/Library/Frameworks/OpenDirectory.framework/Versions/A/Frameworks/CFOpenDirectory.framework/Versions/A/CFOpenDirectory
0x000000018d477000 	/System/Library/Frameworks/OpenDirectory.framework/Versions/A/OpenDirectory
0x00000001912d3000 	/System/Library/PrivateFrameworks/APFS.framework/Versions/A/APFS
0x000000019002c000 	/System/Library/Frameworks/SecurityFoundation.framework/Versions/A/SecurityFoundation
0x0000000191347000 	/usr/lib/libutil.dylib
0x0000000188a47000 	/System/Library/PrivateFrameworks/CoreServicesStore.framework/Versions/A/CoreServicesStore
0x000000019134b000 	/usr/lib/libxslt.1.dylib
0x00000001900c0000 	/System/Library/PrivateFrameworks/BackgroundTaskManagement.framework/Versions/A/BackgroundTaskManagement
0x00000001925ae000 	/System/Library/Frameworks/ImageIO.framework/Versions/A/Resources/libRadiance.dylib
0x00000001925b7000 	/System/Library/Frameworks/ImageIO.framework/Versions/A/Resources/libJPEG.dylib
0x0000000192509000 	/System/Library/Frameworks/ImageIO.framework/Versions/A/Resources/libPng.dylib
0x000000019252b000 	/System/Library/Frameworks/ImageIO.framework/Versions/A/Resources/libTIFF.dylib
0x0000000192612000 	/System/Library/Frameworks/ImageIO.framework/Versions/A/Resources/libGIF.dylib
0x0000000191f57000 	/System/Library/Frameworks/ImageIO.framework/Versions/A/Resources/libJP2.dylib
0x000000019169c000 	/usr/lib/libexpat.1.dylib
0x0000000191f12000 	/System/Library/PrivateFrameworks/AppleJPEG.framework/Versions/A/AppleJPEG
0x000000018eac5000 	/System/Library/PrivateFrameworks/FontServices.framework/libFontParser.dylib
0x000000018c7d6000 	/System/Library/PrivateFrameworks/RunningBoardServices.framework/Versions/A/RunningBoardServices
0x000000019cca7000 	/System/Library/PrivateFrameworks/IOSurfaceAccelerator.framework/Versions/A/IOSurfaceAccelerator
0x0000000192043000 	/System/Library/PrivateFrameworks/WatchdogClient.framework/Versions/A/WatchdogClient
0x000000018740a000 	/System/Library/Frameworks/CoreDisplay.framework/Versions/A/CoreDisplay
0x000000018e9b3000 	/System/Library/Frameworks/CoreMedia.framework/Versions/A/CoreMedia
0x000000018e847000 	/System/Library/PrivateFrameworks/IOAccelerator.framework/Versions/A/IOAccelerator
0x000000018d615000 	/System/Library/Frameworks/CoreVideo.framework/Versions/A/CoreVideo
0x0000000190ccb000 	/System/Library/Frameworks/MetalPerformanceShaders.framework/Versions/A/MetalPerformanceShaders
0x0000000192080000 	/System/Library/Frameworks/VideoToolbox.framework/Versions/A/VideoToolbox
0x000000018c71a000 	/System/Library/PrivateFrameworks/BaseBoard.framework/Versions/A/BaseBoard
0x000000018c4b9000 	/System/Library/PrivateFrameworks/ProtocolBuffer.framework/Versions/A/ProtocolBuffer
0x00000001925a9000 	/System/Library/PrivateFrameworks/GPUWrangler.framework/Versions/A/GPUWrangler
0x0000000192588000 	/System/Library/PrivateFrameworks/IOPresentment.framework/Versions/A/IOPresentment
0x00000001925b1000 	/System/Library/PrivateFrameworks/DSExternalDisplay.framework/Versions/A/DSExternalDisplay
0x00000001e73d8000 	/System/Library/Frameworks/OpenGL.framework/Versions/A/Libraries/libCoreFSCache.dylib
0x00000001f0b99000 	/System/Library/PrivateFrameworks/GPUCompiler.framework/Versions/31001/Libraries/libGPUCompilerUtils.dylib
0x0000000192617000 	/System/Library/PrivateFrameworks/CMCaptureCore.framework/Versions/A/CMCaptureCore
0x0000000191c50000 	/System/Library/PrivateFrameworks/AppServerSupport.framework/Versions/A/AppServerSupport
0x0000000193df0000 	/System/Library/PrivateFrameworks/perfdata.framework/Versions/A/perfdata
0x000000018752a000 	/System/Library/PrivateFrameworks/AudioToolboxCore.framework/Versions/A/AudioToolboxCore
0x000000018e98b000 	/System/Library/PrivateFrameworks/caulk.framework/Versions/A/caulk
0x00000001936e5000 	/usr/lib/libAudioStatistics.dylib
0x00000001a4feb000 	/System/Library/PrivateFrameworks/SystemPolicy.framework/Versions/A/SystemPolicy
0x0000000193945000 	/usr/lib/libSMC.dylib
0x000000019c516000 	/System/Library/Frameworks/CoreMIDI.framework/Versions/A/CoreMIDI
0x00000001924d7000 	/usr/lib/libAudioToolboxUtility.dylib
0x00000001a1424000 	/System/Library/PrivateFrameworks/OSAServicesClient.framework/Versions/A/OSAServicesClient
0x0000000193dfd000 	/usr/lib/libperfcheck.dylib
0x00000001a5aee000 	/usr/lib/libmis.dylib
0x00000001e7439000 	/System/Library/Frameworks/OpenGL.framework/Versions/A/Libraries/libGLU.dylib
0x00000001e73f8000 	/System/Library/Frameworks/OpenGL.framework/Versions/A/Libraries/libGFXShared.dylib
0x00000001e75e2000 	/System/Library/Frameworks/OpenGL.framework/Versions/A/Libraries/libGL.dylib
0x00000001e7401000 	/System/Library/Frameworks/OpenGL.framework/Versions/A/Libraries/libGLImage.dylib
0x00000001e73f5000 	/System/Library/Frameworks/OpenGL.framework/Versions/A/Libraries/libCVMSPluginSupport.dylib
0x00000001e73df000 	/System/Library/Frameworks/OpenGL.framework/Versions/A/Libraries/libCoreVMClient.dylib
0x000000018f51d000 	/System/Library/Frameworks/MetalPerformanceShaders.framework/Versions/A/Frameworks/MPSCore.framework/Versions/A/MPSCore
0x0000000190689000 	/System/Library/Frameworks/MetalPerformanceShaders.framework/Versions/A/Frameworks/MPSImage.framework/Versions/A/MPSImage
0x0000000190183000 	/System/Library/Frameworks/MetalPerformanceShaders.framework/Versions/A/Frameworks/MPSNeuralNetwork.framework/Versions/A/MPSNeuralNetwork
0x00000001905c0000 	/System/Library/Frameworks/MetalPerformanceShaders.framework/Versions/A/Frameworks/MPSMatrix.framework/Versions/A/MPSMatrix
0x000000019039b000 	/System/Library/Frameworks/MetalPerformanceShaders.framework/Versions/A/Frameworks/MPSRayIntersector.framework/Versions/A/MPSRayIntersector
0x00000001905f1000 	/System/Library/Frameworks/MetalPerformanceShaders.framework/Versions/A/Frameworks/MPSNDArray.framework/Versions/A/MPSNDArray
0x00000001e910f000 	/System/Library/Frameworks/MetalPerformanceShaders.framework/Versions/A/Frameworks/MPSFunctions.framework/Versions/A/MPSFunctions
0x00000001867c9000 	/System/Library/PrivateFrameworks/MetalTools.framework/Versions/A/MetalTools
0x000000018f59a000 	/System/Library/PrivateFrameworks/AggregateDictionary.framework/Versions/A/AggregateDictionary
0x0000000191482000 	/usr/lib/libIOReport.dylib
0x000000019b4fd000 	/System/Library/PrivateFrameworks/ASEProcessing.framework/Versions/A/ASEProcessing
0x00000001917f5000 	/System/Library/PrivateFrameworks/FaceCore.framework/Versions/A/FaceCore
0x00000001917e7000 	/System/Library/PrivateFrameworks/GraphVisualizer.framework/Versions/A/GraphVisualizer
0x00000001f0ab0000 	/System/Library/PrivateFrameworks/FontServices.framework/Versions/A/FontServices
0x0000000191c0a000 	/System/Library/PrivateFrameworks/OTSVG.framework/Versions/A/OTSVG
0x000000018d1e3000 	/System/Library/Frameworks/ApplicationServices.framework/Versions/A/Frameworks/ATS.framework/Versions/A/Resources/libFontRegistry.dylib
0x0000000191c59000 	/System/Library/PrivateFrameworks/FontServices.framework/libhvf.dylib
0x00000001f0ab1000 	/System/Library/PrivateFrameworks/FontServices.framework/libXTFontStaticRegistryData.dylib
0x00000001e7784000 	/System/Library/Frameworks/OpenCL.framework/Versions/A/OpenCL
0x0000000191650000 	/System/Library/PrivateFrameworks/AppleVA.framework/Versions/A/AppleVA
0x000000019370d000 	/System/Library/Frameworks/ApplicationServices.framework/Versions/A/Frameworks/ATS.framework/Versions/A/ATS
0x000000018bc7d000 	/System/Library/Frameworks/ApplicationServices.framework/Versions/A/Frameworks/HIServices.framework/Versions/A/HIServices
0x0000000192621000 	/System/Library/Frameworks/ApplicationServices.framework/Versions/A/Frameworks/PrintCore.framework/Versions/A/PrintCore
0x0000000193a98000 	/System/Library/Frameworks/ApplicationServices.framework/Versions/A/Frameworks/QD.framework/Versions/A/QD
0x0000000193a90000 	/System/Library/Frameworks/ApplicationServices.framework/Versions/A/Frameworks/ColorSyncLegacy.framework/Versions/A/ColorSyncLegacy
0x00000001936f9000 	/System/Library/Frameworks/ApplicationServices.framework/Versions/A/Frameworks/SpeechSynthesis.framework/Versions/A/SpeechSynthesis
0x00000001925e2000 	/System/Library/Frameworks/ApplicationServices.framework/Versions/A/Frameworks/ATSUI.framework/Versions/A/ATSUI
0x0000000193a25000 	/usr/lib/libcups.2.dylib
0x0000000193e0b000 	/System/Library/Frameworks/Kerberos.framework/Versions/A/Kerberos
0x0000000193e1c000 	/System/Library/Frameworks/GSS.framework/Versions/A/GSS
0x000000019377c000 	/usr/lib/libresolv.9.dylib
0x0000000191c67000 	/System/Library/PrivateFrameworks/Heimdal.framework/Versions/A/Heimdal
0x000000019a76d000 	/System/Library/Frameworks/Kerberos.framework/Versions/A/Libraries/libHeimdalProxy.dylib
0x000000018c8b5000 	/System/Library/Frameworks/Network.framework/Versions/A/Network
0x00000001916b7000 	/usr/lib/libheimdal-asn1.dylib
0x0000000193e62000 	/System/Library/PrivateFrameworks/CommonAuth.framework/Versions/A/CommonAuth
0x0000000193673000 	/System/Library/PrivateFrameworks/AudioSession.framework/Versions/A/AudioSession
0x0000000191748000 	/System/Library/PrivateFrameworks/MediaExperience.framework/Versions/A/MediaExperience
0x00000001934fb000 	/System/Library/PrivateFrameworks/AudioSession.framework/libSessionUtility.dylib
0x0000000193aa4000 	/System/Library/PrivateFrameworks/AudioResourceArbitration.framework/Versions/A/AudioResourceArbitration
0x0000000197baf000 	/System/Library/PrivateFrameworks/PowerLog.framework/Versions/A/PowerLog
0x00000001916c0000 	/System/Library/PrivateFrameworks/IconFoundation.framework/Versions/A/IconFoundation
0x000000019695f000 	/System/Library/PrivateFrameworks/SpeechRecognitionCore.framework/Versions/A/SpeechRecognitionCore
0x0000000103ea8000 	/Users/leahfeiner/Library/Java/JavaVirtualMachines/openjdk-21.0.1/Contents/Home/lib/server/libjvm.dylib
0x0000000102e20000 	/Users/leahfeiner/Library/Java/JavaVirtualMachines/openjdk-21.0.1/Contents/Home/lib/libjimage.dylib
0x0000000102ea4000 	/Users/leahfeiner/Library/Java/JavaVirtualMachines/openjdk-21.0.1/Contents/Home/lib/libjava.dylib
0x0000000103934000 	/Users/leahfeiner/Library/Java/JavaVirtualMachines/openjdk-21.0.1/Contents/Home/lib/libnio.dylib
0x0000000103954000 	/Users/leahfeiner/Library/Java/JavaVirtualMachines/openjdk-21.0.1/Contents/Home/lib/libnet.dylib
0x0000000103b00000 	/Users/leahfeiner/Library/Java/JavaVirtualMachines/openjdk-21.0.1/Contents/Home/lib/libawt.dylib
0x0000000103bb0000 	/Users/leahfeiner/Library/Java/JavaVirtualMachines/openjdk-21.0.1/Contents/Home/lib/libmlib_image.dylib
0x00000001e907b000 	/System/Library/Frameworks/JavaRuntimeSupport.framework/Versions/A/JavaRuntimeSupport
0x00000001a4b0c000 	/System/Library/Frameworks/Carbon.framework/Versions/A/Carbon
0x0000000198b39000 	/System/Library/PrivateFrameworks/CoreSymbolication.framework/Versions/A/CoreSymbolication
0x000000019e059000 	/System/Library/Frameworks/Carbon.framework/Versions/A/Frameworks/CommonPanels.framework/Versions/A/CommonPanels
0x000000019a16f000 	/System/Library/Frameworks/Carbon.framework/Versions/A/Frameworks/Help.framework/Versions/A/Help
0x000000019e05d000 	/System/Library/Frameworks/Carbon.framework/Versions/A/Frameworks/ImageCapture.framework/Versions/A/ImageCapture
0x000000019e029000 	/System/Library/Frameworks/Carbon.framework/Versions/A/Frameworks/OpenScripting.framework/Versions/A/OpenScripting
0x000000019e055000 	/System/Library/Frameworks/Carbon.framework/Versions/A/Frameworks/Ink.framework/Versions/A/Ink
0x00000001a4b08000 	/System/Library/Frameworks/Carbon.framework/Versions/A/Frameworks/Print.framework/Versions/A/Print
0x000000019e051000 	/System/Library/Frameworks/Carbon.framework/Versions/A/Frameworks/SecurityHI.framework/Versions/A/SecurityHI
0x0000000198afa000 	/System/Library/PrivateFrameworks/DebugSymbols.framework/Versions/A/DebugSymbols
0x0000000103d40000 	/Users/leahfeiner/Library/Java/JavaVirtualMachines/openjdk-21.0.1/Contents/Home/lib/libawt_lwawt.dylib
0x000000010399c000 	/Users/leahfeiner/Library/Java/JavaVirtualMachines/openjdk-21.0.1/Contents/Home/lib/libosxapp.dylib
0x00000001a3ed6000 	/System/Library/Frameworks/ExceptionHandling.framework/Versions/A/ExceptionHandling
0x0000000116400000 	/Users/leahfeiner/Library/Java/JavaVirtualMachines/openjdk-21.0.1/Contents/Home/lib/libfontmanager.dylib
0x000000011130c000 	/Users/leahfeiner/Library/Java/JavaVirtualMachines/openjdk-21.0.1/Contents/Home/lib/libfreetype.dylib
0x0000000188a0a000 	/System/Library/PrivateFrameworks/CoreServicesInternal.framework/Versions/A/CoreServicesInternal
0x0000000197e03000 	/System/Library/Frameworks/FileProvider.framework/Versions/A/FileProvider
0x000000018c682000 	/System/Library/Frameworks/Accounts.framework/Versions/A/Accounts
0x0000000197f83000 	/System/Library/PrivateFrameworks/GenerationalStorage.framework/Versions/A/GenerationalStorage
0x0000000197ba3000 	/System/Library/PrivateFrameworks/SymptomDiagnosticReporter.framework/Versions/A/SymptomDiagnosticReporter
0x0000000189cf3000 	/System/Library/PrivateFrameworks/DesktopServicesPriv.framework/Versions/A/DesktopServicesPriv
0x0000000188b6a000 	/usr/lib/libsandbox.1.dylib
0x000000018d6a2000 	/System/Library/PrivateFrameworks/UserManagement.framework/Versions/A/UserManagement
0x0000000193a83000 	/System/Library/PrivateFrameworks/NetAuth.framework/Versions/A/NetAuth
0x0000000194988000 	/System/Library/PrivateFrameworks/Sharing.framework/Versions/A/Sharing
0x000000018d672000 	/System/Library/PrivateFrameworks/login.framework/Versions/A/Frameworks/loginsupport.framework/Versions/A/loginsupport
0x0000000199cb1000 	/System/Library/PrivateFrameworks/Apple80211.framework/Versions/A/Apple80211
0x000000019076d000 	/System/Library/PrivateFrameworks/AuthKit.framework/Versions/A/AuthKit
0x000000018fdff000 	/System/Library/PrivateFrameworks/CoreUtils.framework/Versions/A/CoreUtils
0x000000018fd1f000 	/System/Library/Frameworks/CoreWLAN.framework/Versions/A/CoreWLAN
0x0000000194af2000 	/System/Library/Frameworks/IOBluetooth.framework/Versions/A/IOBluetooth
0x0000000199d11000 	/System/Library/PrivateFrameworks/CoreWiFi.framework/Versions/A/CoreWiFi
0x00000001986e1000 	/System/Library/PrivateFrameworks/FrontBoardServices.framework/Versions/A/FrontBoardServices
0x0000000198779000 	/System/Library/PrivateFrameworks/BoardServices.framework/Versions/A/BoardServices
0x000000019001a000 	/System/Library/PrivateFrameworks/AssertionServices.framework/Versions/A/AssertionServices
0x0000000199e7f000 	/System/Library/PrivateFrameworks/BackBoardServices.framework/Versions/A/BackBoardServices
0x0000000193ef5000 	/System/Library/PrivateFrameworks/CorePhoneNumbers.framework/Versions/A/CorePhoneNumbers
0x0000000197cd3000 	/System/Library/PrivateFrameworks/DiskManagement.framework/Versions/A/DiskManagement
0x0000000197bd6000 	/System/Library/PrivateFrameworks/AppleIDAuthSupport.framework/Versions/A/AppleIDAuthSupport
0x00000001eb3d8000 	/System/Library/PrivateFrameworks/AAAFoundation.framework/Versions/A/AAAFoundation
0x0000000193ed4000 	/System/Library/PrivateFrameworks/KeychainCircle.framework/Versions/A/KeychainCircle
0x0000000197c9f000 	/System/Library/PrivateFrameworks/MediaKit.framework/Versions/A/MediaKit
0x0000000197be3000 	/System/Library/Frameworks/DiscRecording.framework/Versions/A/DiscRecording
0x00000001915cc000 	/usr/lib/libCoreStorage.dylib
0x000000019a17b000 	/usr/lib/libcsfde.dylib
0x0000000194bc7000 	/System/Library/PrivateFrameworks/ProtectedCloudStorage.framework/Versions/A/ProtectedCloudStorage
0x000000019a173000 	/System/Library/PrivateFrameworks/EFILogin.framework/Versions/A/EFILogin
0x0000000197faa000 	/System/Library/PrivateFrameworks/OctagonTrust.framework/Versions/A/OctagonTrust
0x00000001efcfc000 	/System/Library/PrivateFrameworks/CoreUtilsExtras.framework/Versions/A/CoreUtilsExtras
0x0000000197b19000 	/System/Library/Frameworks/CoreBluetooth.framework/Versions/A/CoreBluetooth
0x000000019a7f2000 	/System/Library/Frameworks/AudioUnit.framework/Versions/A/AudioUnit
0x00000001915c4000 	/usr/lib/libMatch.1.dylib
0x00000001ac590000 	/System/Library/CoreServices/RawCamera.bundle/Contents/MacOS/RawCamera
0x0000000193e71000 	/System/Library/PrivateFrameworks/MobileAsset.framework/Versions/A/MobileAsset
0x000000019a820000 	/System/Library/PrivateFrameworks/StreamingZip.framework/Versions/A/StreamingZip
0x00000001ecfdc000 	/System/Library/PrivateFrameworks/CMPhoto.framework/Versions/A/CMPhoto
0x000000019282b000 	/System/Library/Frameworks/MediaToolbox.framework/Versions/A/MediaToolbox
0x0000000197dcf000 	/System/Library/PrivateFrameworks/CoreAVCHD.framework/Versions/A/CoreAVCHD
0x0000000196ffb000 	/System/Library/Frameworks/MediaAccessibility.framework/Versions/A/MediaAccessibility
0x0000000197dcb000 	/System/Library/PrivateFrameworks/Mangrove.framework/Versions/A/Mangrove
0x0000000197008000 	/System/Library/PrivateFrameworks/AlgosScoreFramework.framework/Versions/A/AlgosScoreFramework
0x0000000197dbf000 	/System/Library/PrivateFrameworks/CoreAUC.framework/Versions/A/CoreAUC
0x00000001a9ded000 	/System/Library/Frameworks/Accelerate.framework/Versions/A/Frameworks/vImage.framework/Versions/A/Libraries/libCGInterfaces.dylib
0x00000001113d4000 	/usr/lib/libobjc-trampolines.dylib
0x000000018d36f000 	/System/Library/PrivateFrameworks/ViewBridge.framework/Versions/A/ViewBridge
0x00000002032c4000 	/usr/lib/libRosetta.dylib
0x00000001e77fc000 	/System/Library/Extensions/AGXMetal13_3.bundle/Contents/MacOS/AGXMetal13_3
0x00000001a5b0a000 	/System/Library/PrivateFrameworks/GPURawCounter.framework/Versions/A/GPURawCounter
0x00000001a05ab000 	/System/Library/PrivateFrameworks/IOGPU.framework/Versions/A/IOGPU
0x0000000125fb8000 	/Users/leahfeiner/Library/Java/JavaVirtualMachines/openjdk-21.0.1/Contents/Home/lib/libosxui.dylib
0x0000000191d15000 	/System/Library/PrivateFrameworks/login.framework/Versions/A/login


VM Arguments:
jvm_args: -Dfile.encoding=UTF-8 -Duser.country=US -Duser.language=en -Duser.variant 
java_command: feiner.fallingsand.Main
java_class_path (initial): /Users/leahfeiner/IdeaProjects/feiner-falling-sand-2024/build/classes/java/main:/Users/leahfeiner/IdeaProjects/feiner-falling-sand-2024/build/resources/main
Launcher Type: SUN_STANDARD

[Global flags]
     intx CICompilerCount                          = 4                                         {product} {ergonomic}
     uint ConcGCThreads                            = 2                                         {product} {ergonomic}
     uint G1ConcRefinementThreads                  = 8                                         {product} {ergonomic}
   size_t G1HeapRegionSize                         = 1048576                                   {product} {ergonomic}
    uintx GCDrainStackTargetSize                   = 64                                        {product} {ergonomic}
   size_t InitialHeapSize                          = 134217728                                 {product} {ergonomic}
   size_t MarkStackSize                            = 4194304                                   {product} {ergonomic}
   size_t MaxHeapSize                              = 2147483648                                {product} {ergonomic}
   size_t MaxNewSize                               = 1287651328                                {product} {ergonomic}
   size_t MinHeapDeltaBytes                        = 1048576                                   {product} {ergonomic}
   size_t MinHeapSize                              = 8388608                                   {product} {ergonomic}
    uintx NonNMethodCodeHeapSize                   = 5839564                                {pd product} {ergonomic}
    uintx NonProfiledCodeHeapSize                  = 122909338                              {pd product} {ergonomic}
    uintx ProfiledCodeHeapSize                     = 122909338                              {pd product} {ergonomic}
    uintx ReservedCodeCacheSize                    = 251658240                              {pd product} {ergonomic}
     bool SegmentedCodeCache                       = true                                      {product} {ergonomic}
   size_t SoftMaxHeapSize                          = 2147483648                             {manageable} {ergonomic}
     bool UseCompressedOops                        = true                           {product lp64_product} {ergonomic}
     bool UseG1GC                                  = true                                      {product} {ergonomic}
     bool UseNUMA                                  = false                                     {product} {ergonomic}
     bool UseNUMAInterleaving                      = false                                     {product} {ergonomic}

Logging:
Log output configuration:
 #0: stdout all=warning uptime,level,tags foldmultilines=false
 #1: stderr all=off uptime,level,tags foldmultilines=false

Environment Variables:
PATH=/Library/Frameworks/Python.framework/Versions/3.11/bin:/usr/local/bin:/usr/bin:/bin:/usr/sbin:/sbin
SHELL=/bin/zsh
LC_CTYPE=en_US.UTF-8
TMPDIR=/var/folders/c6/wvs5vddj4s1_kh36dyh59x7w0000gn/T/

Active Locale:
LC_ALL=C/en_US.UTF-8/C/C/C/C
LC_COLLATE=C
LC_CTYPE=en_US.UTF-8
LC_MESSAGES=C
LC_MONETARY=C
LC_NUMERIC=C
LC_TIME=C

Signal Handlers:
   SIGSEGV: crash_handler in libjvm.dylib, mask=11100110000111110111111111111111, flags=SA_ONSTACK|SA_RESTART|SA_SIGINFO, unblocked
    SIGBUS: crash_handler in libjvm.dylib, mask=11100110000111110111111111111111, flags=SA_RESTART|SA_SIGINFO, unblocked
    SIGFPE: crash_handler in libjvm.dylib, mask=11100110000111110111111111111111, flags=SA_RESTART|SA_SIGINFO, unblocked
   SIGPIPE: javaSignalHandler in libjvm.dylib, mask=11100110000111110111111111111111, flags=SA_RESTART|SA_SIGINFO, blocked
   SIGXFSZ: javaSignalHandler in libjvm.dylib, mask=11100110000111110111111111111111, flags=SA_RESTART|SA_SIGINFO, blocked
    SIGILL: crash_handler in libjvm.dylib, mask=11100110000111110111111111111111, flags=SA_RESTART|SA_SIGINFO, unblocked
   SIGUSR2: SR_handler in libjvm.dylib, mask=00000000000000000000000000000000, flags=SA_RESTART|SA_SIGINFO, blocked
    SIGHUP: UserHandler in libjvm.dylib, mask=11100110000111110111111111111111, flags=SA_RESTART|SA_SIGINFO, blocked
    SIGINT: UserHandler in libjvm.dylib, mask=11100110000111110111111111111111, flags=SA_RESTART|SA_SIGINFO, blocked
   SIGTERM: UserHandler in libjvm.dylib, mask=11100110000111110111111111111111, flags=SA_RESTART|SA_SIGINFO, blocked
   SIGQUIT: UserHandler in libjvm.dylib, mask=11100110000111110111111111111111, flags=SA_RESTART|SA_SIGINFO, blocked
   SIGTRAP: crash_handler in libjvm.dylib, mask=11100110000111110111111111111111, flags=SA_RESTART|SA_SIGINFO, unblocked


Periodic native trim disabled

---------------  S Y S T E M  ---------------

OS:
uname: Darwin 21.2.0 Darwin Kernel Version 21.2.0: Sun Nov 28 20:29:10 PST 2021; root:xnu-8019.61.5~1/RELEASE_ARM64_T8101 arm64
OS uptime: 1 days 9:58 hours
rlimit (soft/hard): STACK 8176k/65520k , CORE 0k/infinity , NPROC 1333/2000 , NOFILE 10240/infinity , AS infinity/infinity , CPU infinity/infinity , DATA infinity/infinity , FSIZE infinity/infinity , MEMLOCK infinity/infinity , RSS infinity/infinity
load average: 2.42 2.09 2.00

CPU: total 8 (initial active 8) 0x61:0x0:0x1b588bb3:0, fp, asimd, aes, pmull, sha1, sha256, crc32, lse, sha3, sha512
machdep.cpu.brand_string:Apple M1
hw.cachelinesize:128
hw.l1icachesize:131072
hw.l1dcachesize:65536
hw.l2cachesize:4194304

Memory: 16k page, physical 8388608k(87984k free), swap 1048576k(927744k free)

vm_info: OpenJDK 64-Bit Server VM (21.0.1+12-29) for bsd-aarch64 JRE (21.0.1+12-29), built on 2023-10-05T13:27:09Z by "mach5one" with clang Apple LLVM 12.0.0 (clang-1200.0.32.29)

END.
